<?xml version="1.0" encoding="utf-8"?><testsuites name="pytest tests"><testsuite name="pytest" errors="0" failures="0" skipped="1" tests="13" time="3.619" timestamp="2026-08-02T21:33:16.983946+00:00" hostname="agent-env-e7a241a3-25d8-4dc1-b925-cc153d592c9d"><testcase classname="tests.test_account_lockout.TestAccountLockoutFlow" name="test_lockout_status_initial_unlocked" time="0.236" /><testcase classname="tests.test_account_lockout.TestAccountLockoutFlow" name="test_five_failed_attempts_lock_account" time="1.944" /><testcase classname="tests.test_account_lockout.TestAccountLockoutFlow" name="test_lockout_status_shows_locked" time="0.104" /><testcase classname="tests.test_account_lockout.TestAccountLockoutFlow" name="test_login_while_locked_returns_423" time="0.106"><skipped type="pytest.skip" message="Rate limited; can't verify pre-lock check.">/app/backend/tests/test_account_lockout.py:144: Rate limited; can't verify pre-lock check.</skipped></testcase><testcase classname="tests.test_account_lockout.TestUnlockAccount" name="test_unlock_with_invalid_token_returns_400" time="0.201" /><testcase classname="tests.test_account_lockout.TestUnlockAccount" name="test_unlock_with_valid_token_succeeds" time="0.218" /><testcase classname="tests.test_account_lockout.TestAdminLockoutEndpoints" name="test_admin_locked_accounts_requires_auth" time="0.101" /><testcase classname="tests.test_account_lockout.TestAdminLockoutEndpoints" name="test_admin_locked_accounts_list" time="0.229" /><testcase classname="tests.test_account_lockout.TestAdminLockoutEndpoints" name="test_admin_force_unlock" time="0.106" /><testcase classname="tests.test_account_lockout.TestAdminLockoutEndpoints" name="test_admin_force_unlock_nonexistent_returns_400" time="0.110" /><testcase classname="tests.test_account_lockout.TestAdminLockoutEndpoints" name="test_non_admin_cannot_access_admin_endpoints" time="0.102" /><testcase classname="tests.test_account_lockout.TestAccountLockedEmailTemplate" name="test_template_registered" time="0.021" /><testcase classname="tests.test_account_lockout.TestAccountLockedEmailTemplate" name="test_send_account_locked_email_builds_correct_url" time="0.002" /></testsuite></testsuites>