<?xml version="1.0" encoding="utf-8"?><testsuites name="pytest tests"><testsuite name="pytest" errors="0" failures="0" skipped="0" tests="18" time="3.061" timestamp="2026-08-02T21:03:45.807590+00:00" hostname="agent-env-e7a241a3-25d8-4dc1-b925-cc153d592c9d"><testcase classname="backend.tests.test_admin_documents.TestVaultUpload" name="test_upload_requires_auth" time="0.245" /><testcase classname="backend.tests.test_admin_documents.TestVaultUpload" name="test_operator_uploads_document" time="0.111" /><testcase classname="backend.tests.test_admin_documents.TestVaultUpload" name="test_upload_for_other_owner_forbidden" time="0.100" /><testcase classname="backend.tests.test_admin_documents.TestAdminVerificationQueue" name="test_queue_requires_admin" time="0.109" /><testcase classname="backend.tests.test_admin_documents.TestAdminVerificationQueue" name="test_queue_admin_ok" time="0.112" /><testcase classname="backend.tests.test_admin_documents.TestAdminVerificationQueue" name="test_queue_status_filter" time="0.120" /><testcase classname="backend.tests.test_admin_documents.TestAdminVerificationQueue" name="test_queue_limit_cap" time="0.100" /><testcase classname="backend.tests.test_admin_documents.TestAdminVerificationQueue" name="test_stats_admin_new_schema" time="0.105" /><testcase classname="backend.tests.test_admin_documents.TestAdminVerificationQueue" name="test_stats_forbidden_for_operator" time="0.110" /><testcase classname="backend.tests.test_admin_documents.TestAdminVerificationQueue" name="test_document_master_stats_still_works" time="0.130" /><testcase classname="backend.tests.test_admin_documents.TestAdminVerificationQueue" name="test_operator_documents_endpoint" time="0.108" /><testcase classname="backend.tests.test_admin_documents.TestAdminVerificationQueue" name="test_bulk_verify_invalid_status" time="0.095" /><testcase classname="backend.tests.test_admin_documents.TestAdminVerificationQueue" name="test_bulk_verify_approves_document" time="0.207" /><testcase classname="backend.tests.test_admin_documents.TestVaultVerify" name="test_vault_verify_without_document_id_in_body" time="0.319" /><testcase classname="backend.tests.test_admin_documents.TestVaultVerify" name="test_vault_verify_with_document_id_in_body_still_works" time="0.236" /><testcase classname="backend.tests.test_admin_documents.TestComplianceForDashboardUI" name="test_categories_public" time="0.097" /><testcase classname="backend.tests.test_admin_documents.TestComplianceForDashboardUI" name="test_dashboard_admin" time="0.105" /><testcase classname="backend.tests.test_admin_documents.TestComplianceForDashboardUI" name="test_alerts_admin" time="0.437" /></testsuite></testsuites>