<?xml version="1.0" encoding="utf-8"?><testsuites name="pytest tests"><testsuite name="pytest" errors="0" failures="2" skipped="0" tests="16" time="2.904" timestamp="2026-08-02T20:58:51.952213+00:00" hostname="agent-env-e7a241a3-25d8-4dc1-b925-cc153d592c9d"><testcase classname="tests.test_admin_documents.TestVaultUpload" name="test_upload_requires_auth" time="0.414" /><testcase classname="tests.test_admin_documents.TestVaultUpload" name="test_operator_uploads_document" time="0.279" /><testcase classname="tests.test_admin_documents.TestVaultUpload" name="test_upload_for_other_owner_forbidden" time="0.100" /><testcase classname="tests.test_admin_documents.TestAdminVerificationQueue" name="test_queue_requires_admin" time="0.124" /><testcase classname="tests.test_admin_documents.TestAdminVerificationQueue" name="test_queue_admin_ok" time="0.127" /><testcase classname="tests.test_admin_documents.TestAdminVerificationQueue" name="test_queue_status_filter" time="0.110" /><testcase classname="tests.test_admin_documents.TestAdminVerificationQueue" name="test_queue_limit_cap" time="0.104" /><testcase classname="tests.test_admin_documents.TestAdminVerificationQueue" name="test_stats_admin" time="0.116"><failure message="KeyError: 'stats'">tests/test_admin_documents.py:137: in test_stats_admin
    stats = r.json()["stats"]
            ^^^^^^^^^^^^^^^^^
E   KeyError: 'stats'</failure></testcase><testcase classname="tests.test_admin_documents.TestAdminVerificationQueue" name="test_stats_forbidden_for_operator" time="0.139" /><testcase classname="tests.test_admin_documents.TestAdminVerificationQueue" name="test_operator_documents_endpoint" time="0.101" /><testcase classname="tests.test_admin_documents.TestAdminVerificationQueue" name="test_bulk_verify_invalid_status" time="0.105" /><testcase classname="tests.test_admin_documents.TestAdminVerificationQueue" name="test_bulk_verify_approves_document" time="0.202" /><testcase classname="tests.test_admin_documents.TestVaultVerify" name="test_vault_verify_updates_status" time="0.203"><failure message="AssertionError: {&quot;detail&quot;:[{&quot;type&quot;:&quot;missing&quot;,&quot;loc&quot;:[&quot;body&quot;,&quot;document_id&quot;],&quot;msg&quot;:&quot;Field required&quot;,&quot;input&quot;:{&quot;verification_status&quot;:&quot;rejected&quot;,&quot;verified_by&quot;:&quot;601a4741-f347-4ce8-845e-6cbd91bf9a78&quot;,&quot;verification_notes&quot;:&quot;TEST reject reason&quot;},&quot;url&quot;:&quot;https://errors.pydantic.dev/2.12/v/missing&quot;}]}&#10;assert 422 == 200&#10; +  where 422 = &lt;Response [422]&gt;.status_code">tests/test_admin_documents.py:217: in test_vault_verify_updates_status
    assert r.status_code == 200, r.text
E   AssertionError: {"detail":[{"type":"missing","loc":["body","document_id"],"msg":"Field required","input":{"verification_status":"rejected","verified_by":"601a4741-f347-4ce8-845e-6cbd91bf9a78","verification_notes":"TEST reject reason"},"url":"https://errors.pydantic.dev/2.12/v/missing"}]}
E   assert 422 == 200
E    +  where 422 = &lt;Response [422]&gt;.status_code</failure></testcase><testcase classname="tests.test_admin_documents.TestComplianceForDashboardUI" name="test_categories_public" time="0.098" /><testcase classname="tests.test_admin_documents.TestComplianceForDashboardUI" name="test_dashboard_admin" time="0.116" /><testcase classname="tests.test_admin_documents.TestComplianceForDashboardUI" name="test_alerts_admin" time="0.331" /></testsuite></testsuites>