<?xml version="1.0" encoding="utf-8"?><testsuites name="pytest tests"><testsuite name="pytest" errors="0" failures="0" skipped="0" tests="10" time="1.763" timestamp="2026-08-02T21:57:49.116558+00:00" hostname="agent-env-e7a241a3-25d8-4dc1-b925-cc153d592c9d"><testcase classname="tests.test_aircraft_catalog_smart.TestBookingTypes" name="test_returns_9_booking_types" time="0.257" /><testcase classname="tests.test_aircraft_catalog_smart.TestPublicFeatured" name="test_featured_returns_scored_verified_aircraft" time="0.113" /><testcase classname="tests.test_aircraft_catalog_smart.TestPublicFeatured" name="test_featured_limit_capped" time="0.210" /><testcase classname="tests.test_aircraft_catalog_smart.TestAircraftCompare" name="test_requires_auth" time="0.255" /><testcase classname="tests.test_aircraft_catalog_smart.TestAircraftCompare" name="test_requires_min_2" time="0.107" /><testcase classname="tests.test_aircraft_catalog_smart.TestAircraftCompare" name="test_max_4" time="0.113" /><testcase classname="tests.test_aircraft_catalog_smart.TestAircraftCompare" name="test_compare_returns_highlights" time="0.134" /><testcase classname="tests.test_aircraft_catalog_smart.TestAircraftCompare" name="test_compare_unknown_ids_404" time="0.107" /><testcase classname="tests.test_aircraft_catalog_smart.TestCreateWithNewFields" name="test_create_with_all_new_fields" time="0.214" /><testcase classname="tests.test_aircraft_catalog_smart.TestCreateWithNewFields" name="test_cleanup" time="0.047" /></testsuite></testsuites>