<?xml version="1.0" encoding="utf-8"?><testsuites name="pytest tests"><testsuite name="pytest" errors="0" failures="0" skipped="0" tests="25" time="5.465" timestamp="2026-08-02T20:10:45.460817+00:00" hostname="agent-env-e7a241a3-25d8-4dc1-b925-cc153d592c9d"><testcase classname="tests.test_auctions.TestAuctionCreation" name="test_create_auction_success" time="0.677" /><testcase classname="tests.test_auctions.TestAuctionCreation" name="test_create_duplicate_auction_fails" time="0.224" /><testcase classname="tests.test_auctions.TestAuctionCreation" name="test_create_past_date_fails" time="0.101" /><testcase classname="tests.test_auctions.TestAuctionCreation" name="test_create_requires_auth" time="0.130" /><testcase classname="tests.test_auctions.TestAuctionCreation" name="test_invalid_passenger_count" time="0.116" /><testcase classname="tests.test_auctions.TestOperatorFlow" name="test_operator_sees_pending" time="0.217" /><testcase classname="tests.test_auctions.TestOperatorFlow" name="test_customer_cannot_access_operator_pending" time="0.112" /><testcase classname="tests.test_auctions.TestOperatorFlow" name="test_submit_quote_and_pricing" time="0.112" /><testcase classname="tests.test_auctions.TestOperatorFlow" name="test_duplicate_quote_rejected" time="0.120" /><testcase classname="tests.test_auctions.TestOperatorFlow" name="test_update_quote" time="0.099" /><testcase classname="tests.test_auctions.TestOperatorFlow" name="test_customer_cannot_submit_quote" time="0.111" /><testcase classname="tests.test_auctions.TestOperatorFlow" name="test_second_operator_submits_higher" time="0.116" /><testcase classname="tests.test_auctions.TestSelectionFlow" name="test_customer_sees_sorted_quotes" time="0.431" /><testcase classname="tests.test_auctions.TestSelectionFlow" name="test_operator_sees_only_own_quote" time="0.114" /><testcase classname="tests.test_auctions.TestSelectionFlow" name="test_select_quote" time="0.105" /><testcase classname="tests.test_auctions.TestSelectionFlow" name="test_verify_selection_persisted" time="0.113" /><testcase classname="tests.test_auctions.TestSelectionFlow" name="test_cannot_select_after_selection" time="0.105" /><testcase classname="tests.test_auctions.TestWithdrawAndCancel" name="test_withdraw_quote" time="0.457" /><testcase classname="tests.test_auctions.TestWithdrawAndCancel" name="test_cancel_auction" time="0.345" /><testcase classname="tests.test_auctions.TestWithdrawAndCancel" name="test_non_owner_cannot_cancel" time="0.223" /><testcase classname="tests.test_auctions.TestAdmin" name="test_admin_stats" time="0.118" /><testcase classname="tests.test_auctions.TestAdmin" name="test_admin_all" time="0.102" /><testcase classname="tests.test_auctions.TestAdmin" name="test_non_admin_stats_forbidden" time="0.101" /><testcase classname="tests.test_auctions.TestErrors" name="test_get_unknown_auction" time="0.110" /><testcase classname="tests.test_auctions.TestErrors" name="test_quote_on_unknown_auction" time="0.783" /></testsuite></testsuites>