<?xml version="1.0" encoding="utf-8"?><testsuites name="pytest tests"><testsuite name="pytest" errors="0" failures="0" skipped="0" tests="22" time="3.041" timestamp="2026-08-02T20:43:18.601190+00:00" hostname="agent-env-e7a241a3-25d8-4dc1-b925-cc153d592c9d"><testcase classname="backend.tests.test_compliance_monitor.TestCategories" name="test_categories_public_ok" time="0.118" /><testcase classname="backend.tests.test_compliance_monitor.TestDashboard" name="test_dashboard_admin_ok" time="0.128" /><testcase classname="backend.tests.test_compliance_monitor.TestDashboard" name="test_dashboard_unauthorized" time="0.111" /><testcase classname="backend.tests.test_compliance_monitor.TestDashboard" name="test_dashboard_no_auth" time="0.109" /><testcase classname="backend.tests.test_compliance_monitor.TestAlerts" name="test_alerts_default_threshold_30" time="0.101" /><testcase classname="backend.tests.test_compliance_monitor.TestAlerts" name="test_alerts_with_threshold_90" time="0.104" /><testcase classname="backend.tests.test_compliance_monitor.TestAlerts" name="test_alerts_threshold_over_max_rejected" time="0.106" /><testcase classname="backend.tests.test_compliance_monitor.TestAlerts" name="test_alerts_filter_by_severity" time="0.107" /><testcase classname="backend.tests.test_compliance_monitor.TestAlerts" name="test_alerts_forbidden_for_operator" time="0.127" /><testcase classname="backend.tests.test_compliance_monitor.TestScores" name="test_create_seed_aircraft_for_scoring" time="0.452" /><testcase classname="backend.tests.test_compliance_monitor.TestScores" name="test_aircraft_score_high" time="0.104" /><testcase classname="backend.tests.test_compliance_monitor.TestScores" name="test_aircraft_score_not_found" time="0.104" /><testcase classname="backend.tests.test_compliance_monitor.TestScores" name="test_aircraft_score_access_denied_other_operator" time="0.134" /><testcase classname="backend.tests.test_compliance_monitor.TestScores" name="test_operator_score_cross_access_denied" time="0.101" /><testcase classname="backend.tests.test_compliance_monitor.TestScores" name="test_operator_score_operator_self_access" time="0.104" /><testcase classname="backend.tests.test_compliance_monitor.TestScores" name="test_operator_score_no_aircraft" time="0.105" /><testcase classname="backend.tests.test_compliance_monitor.TestRunDailyCheck" name="test_run_daily_check_admin" time="0.113" /><testcase classname="backend.tests.test_compliance_monitor.TestRunDailyCheck" name="test_run_daily_check_forbidden_operator" time="0.178" /><testcase classname="backend.tests.test_compliance_monitor.TestReports" name="test_reports_list" time="0.113" /><testcase classname="backend.tests.test_compliance_monitor.TestReports" name="test_reports_limit_cap" time="0.101" /><testcase classname="backend.tests.test_compliance_monitor.TestReports" name="test_reports_forbidden_operator" time="0.113" /><testcase classname="backend.tests.test_compliance_monitor.TestCleanup" name="test_cleanup_seeded_aircraft" time="0.114" /></testsuite></testsuites>