<?xml version="1.0" encoding="utf-8"?><testsuites name="pytest tests"><testsuite name="pytest" errors="0" failures="0" skipped="0" tests="14" time="2.690" timestamp="2026-08-08T14:30:46.037220+00:00" hostname="agent-env-6c5d2a03-6ba3-4b5f-bc59-d40df60b3834"><testcase classname="tests.test_corporate_portal.TestMyAccount" name="test_my_account_resolves" time="1.706" /><testcase classname="tests.test_corporate_portal.TestMyAccount" name="test_my_account_requires_auth" time="0.049" /><testcase classname="tests.test_corporate_portal.TestBookingsList" name="test_bookings_list" time="0.056" /><testcase classname="tests.test_corporate_portal.TestBookingCreateAutoApprove" name="test_auto_approve_below_25k" time="0.052" /><testcase classname="tests.test_corporate_portal.TestBookingCreateAutoApprove" name="test_gst_pdf_for_confirmed_booking" time="0.060" /><testcase classname="tests.test_corporate_portal.TestApprovalFlow" name="test_create_pending_and_approve" time="0.149" /><testcase classname="tests.test_corporate_portal.TestApprovalFlow" name="test_gst_pdf_for_approved_booking" time="0.057" /><testcase classname="tests.test_corporate_portal.TestApprovalFlow" name="test_create_pending_and_reject" time="0.160" /><testcase classname="tests.test_corporate_portal.TestApprovalFlow" name="test_gst_pdf_blocked_for_rejected" time="0.051" /><testcase classname="tests.test_corporate_portal.TestApprovalFlow" name="test_double_action_fails" time="0.047" /><testcase classname="tests.test_corporate_portal.TestPolicyGuards" name="test_exceeds_travel_policy_limit" time="0.053" /><testcase classname="tests.test_corporate_portal.TestPolicyGuards" name="test_budget_exceeded" time="0.070" /><testcase classname="tests.test_corporate_portal.TestEmployeeManagement" name="test_list_employees" time="0.049" /><testcase classname="tests.test_corporate_portal.TestEmployeeManagement" name="test_gst_invoice_for_seeded_booking" time="0.058" /></testsuite></testsuites>