<?xml version="1.0" encoding="utf-8"?><testsuites name="pytest tests"><testsuite name="pytest" errors="0" failures="0" skipped="0" tests="7" time="2.771" timestamp="2026-08-08T10:47:22.472620+00:00" hostname="agent-env-e7a241a3-25d8-4dc1-b925-cc153d592c9d"><testcase classname="tests.test_customer_portal_enhancement.TestInvoiceEndpoint" name="test_invoice_requires_auth" time="1.652" /><testcase classname="tests.test_customer_portal_enhancement.TestInvoiceEndpoint" name="test_invoice_invalid_token_rejected" time="0.144" /><testcase classname="tests.test_customer_portal_enhancement.TestInvoiceEndpoint" name="test_invoice_404_for_nonexistent_booking" time="0.488" /><testcase classname="tests.test_customer_portal_enhancement.TestRatingEndpoints" name="test_get_rating_requires_auth" time="0.101" /><testcase classname="tests.test_customer_portal_enhancement.TestRatingEndpoints" name="test_get_rating_returns_has_rating_false_for_nonexistent" time="0.117" /><testcase classname="tests.test_customer_portal_enhancement.TestRatingEndpoints" name="test_post_rating_requires_auth" time="0.112" /><testcase classname="tests.test_customer_portal_enhancement.TestRatingEndpoints" name="test_post_rating_404_for_nonexistent_booking" time="0.099" /></testsuite></testsuites>