<?xml version="1.0" encoding="utf-8"?><testsuites name="pytest tests"><testsuite name="pytest" errors="0" failures="0" skipped="0" tests="12" time="3.322" timestamp="2026-08-08T11:09:37.244541+00:00" hostname="agent-env-e7a241a3-25d8-4dc1-b925-cc153d592c9d"><testcase classname="backend.tests.test_customer_seeded_bookings.TestTripsListing" name="test_trips_contains_seeded_bookings" time="2.185" /><testcase classname="backend.tests.test_customer_seeded_bookings.TestTripsListing" name="test_statistics_total_and_completed" time="0.000" /><testcase classname="backend.tests.test_customer_seeded_bookings.TestTripsListing" name="test_completed_bookings_exist" time="0.000" /><testcase classname="backend.tests.test_customer_seeded_bookings.TestInvoicePDF" name="test_invoice_pdf_download[AY-2026-DEMO-001]" time="0.175" /><testcase classname="backend.tests.test_customer_seeded_bookings.TestInvoicePDF" name="test_invoice_pdf_download[AY-2026-DEMO-003]" time="0.131" /><testcase classname="backend.tests.test_customer_seeded_bookings.TestInvoicePDF" name="test_invoice_pdf_download[AY-2026-DEMO-002]" time="0.109" /><testcase classname="backend.tests.test_customer_seeded_bookings.TestInvoicePDF" name="test_invoice_requires_auth" time="0.110" /><testcase classname="backend.tests.test_customer_seeded_bookings.TestInvoicePDF" name="test_invoice_404_for_unknown_booking" time="0.107" /><testcase classname="backend.tests.test_customer_seeded_bookings.TestRatingAPI" name="test_get_rating_initially_empty" time="0.106" /><testcase classname="backend.tests.test_customer_seeded_bookings.TestRatingAPI" name="test_submit_rating" time="0.129" /><testcase classname="backend.tests.test_customer_seeded_bookings.TestRatingAPI" name="test_rating_missing_booking" time="0.107" /><testcase classname="backend.tests.test_customer_seeded_bookings.TestRatingAPI" name="test_rating_requires_auth" time="0.095" /></testsuite></testsuites>