<?xml version="1.0" encoding="utf-8"?><testsuites name="pytest tests"><testsuite name="pytest" errors="0" failures="1" skipped="0" tests="23" time="2.188" timestamp="2026-08-08T15:10:05.740662+00:00" hostname="agent-env-6c5d2a03-6ba3-4b5f-bc59-d40df60b3834"><testcase classname="tests.test_customer_portal_e2e" name="test_login" time="0.474" /><testcase classname="tests.test_customer_portal_e2e" name="test_city_search[mumbai]" time="0.052" /><testcase classname="tests.test_customer_portal_e2e" name="test_city_search[delhi]" time="0.051" /><testcase classname="tests.test_customer_portal_e2e" name="test_create_inquiry_all_service_types[helicopter]" time="0.100" /><testcase classname="tests.test_customer_portal_e2e" name="test_create_inquiry_all_service_types[chartered_plane]" time="0.100" /><testcase classname="tests.test_customer_portal_e2e" name="test_create_inquiry_all_service_types[air_ambulance]" time="0.112" /><testcase classname="tests.test_customer_portal_e2e" name="test_create_inquiry_all_service_types[yacht_cruiser]" time="0.111" /><testcase classname="tests.test_customer_portal_e2e" name="test_create_inquiry_all_service_types[cargo]" time="0.159" /><testcase classname="tests.test_customer_portal_e2e" name="test_create_inquiry_all_service_types[joy_ride]" time="0.104" /><testcase classname="tests.test_customer_portal_e2e.TestCustomerPortalEndpoints" name="test_endpoint_ok[/api/customer/trips-trips list]" time="0.061" /><testcase classname="tests.test_customer_portal_e2e.TestCustomerPortalEndpoints" name="test_endpoint_ok[/api/customer/booking-stats-booking stats]" time="0.063"><failure message="AssertionError: booking stats -&gt; 500 Internal Server Error&#10;assert 500 in (200, 204)&#10; +  where 500 = &lt;Response [500]&gt;.status_code">E   AssertionError: booking stats -&gt; 500 Internal Server Error
    assert 500 in (200, 204)
     +  where 500 = &lt;Response [500]&gt;.status_code</failure></testcase><testcase classname="tests.test_customer_portal_e2e.TestCustomerPortalEndpoints" name="test_endpoint_ok[/api/customer/refunds-refunds list]" time="0.050" /><testcase classname="tests.test_customer_portal_e2e.TestCustomerPortalEndpoints" name="test_endpoint_ok[/api/customer/quotes/pending-pending quotes]" time="0.054" /><testcase classname="tests.test_customer_portal_e2e.TestCustomerPortalEndpoints" name="test_endpoint_ok[/api/customer/route-suggestions-route suggestions]" time="0.054" /><testcase classname="tests.test_customer_portal_e2e.TestExtraCustomerEndpoints" name="test_endpoint_no_5xx[/api/loyalty/summary]" time="0.053" /><testcase classname="tests.test_customer_portal_e2e.TestExtraCustomerEndpoints" name="test_endpoint_no_5xx[/api/notifications]" time="0.056" /><testcase classname="tests.test_customer_portal_e2e.TestExtraCustomerEndpoints" name="test_endpoint_no_5xx[/api/reviews/my]" time="0.059" /><testcase classname="tests.test_customer_portal_e2e.TestExtraCustomerEndpoints" name="test_endpoint_no_5xx[/api/kyc/status]" time="0.053" /><testcase classname="tests.test_customer_portal_e2e.TestExtraCustomerEndpoints" name="test_endpoint_no_5xx[/api/customer-kyc/status]" time="0.050" /><testcase classname="tests.test_customer_portal_e2e.TestExtraCustomerEndpoints" name="test_endpoint_no_5xx[/api/complaints/my]" time="0.051" /><testcase classname="tests.test_customer_portal_e2e.TestExtraCustomerEndpoints" name="test_endpoint_no_5xx[/api/favorites]" time="0.053" /><testcase classname="tests.test_customer_portal_e2e.TestExtraCustomerEndpoints" name="test_endpoint_no_5xx[/api/referrals/my]" time="0.054" /><testcase classname="tests.test_customer_portal_e2e.TestExtraCustomerEndpoints" name="test_endpoint_no_5xx[/api/carbon/my-footprint]" time="0.142" /></testsuite></testsuites>