<?xml version="1.0" encoding="utf-8"?><testsuites name="pytest tests"><testsuite name="pytest" errors="0" failures="0" skipped="0" tests="28" time="4.440" timestamp="2026-08-08T15:19:23.296867+00:00" hostname="agent-env-6c5d2a03-6ba3-4b5f-bc59-d40df60b3834"><testcase classname="tests.test_customer_portal_e2e" name="test_login" time="2.277" /><testcase classname="tests.test_customer_portal_e2e" name="test_city_search[mumbai]" time="0.062" /><testcase classname="tests.test_customer_portal_e2e" name="test_city_search[delhi]" time="0.053" /><testcase classname="tests.test_customer_portal_e2e" name="test_create_inquiry_all_service_types[helicopter]" time="0.125" /><testcase classname="tests.test_customer_portal_e2e" name="test_create_inquiry_all_service_types[chartered_plane]" time="0.117" /><testcase classname="tests.test_customer_portal_e2e" name="test_create_inquiry_all_service_types[air_ambulance]" time="0.116" /><testcase classname="tests.test_customer_portal_e2e" name="test_create_inquiry_all_service_types[yacht_cruiser]" time="0.113" /><testcase classname="tests.test_customer_portal_e2e" name="test_create_inquiry_all_service_types[cargo]" time="0.131" /><testcase classname="tests.test_customer_portal_e2e" name="test_create_inquiry_all_service_types[joy_ride]" time="0.113" /><testcase classname="tests.test_customer_portal_e2e.TestCustomerPortalEndpoints" name="test_endpoint_ok[/api/customer/trips-trips list]" time="0.064" /><testcase classname="tests.test_customer_portal_e2e.TestCustomerPortalEndpoints" name="test_endpoint_ok[/api/customer/booking-stats-booking stats]" time="0.060" /><testcase classname="tests.test_customer_portal_e2e.TestCustomerPortalEndpoints" name="test_endpoint_ok[/api/customer/refunds-refunds list]" time="0.056" /><testcase classname="tests.test_customer_portal_e2e.TestCustomerPortalEndpoints" name="test_endpoint_ok[/api/customer/quotes/pending-pending quotes]" time="0.054" /><testcase classname="tests.test_customer_portal_e2e.TestCustomerPortalEndpoints" name="test_endpoint_ok[/api/customer/route-suggestions-route suggestions]" time="0.052" /><testcase classname="tests.test_customer_portal_e2e.TestExtraCustomerEndpoints" name="test_endpoint_no_5xx[/api/loyalty/summary]" time="0.057" /><testcase classname="tests.test_customer_portal_e2e.TestExtraCustomerEndpoints" name="test_endpoint_no_5xx[/api/notifications]" time="0.054" /><testcase classname="tests.test_customer_portal_e2e.TestExtraCustomerEndpoints" name="test_endpoint_no_5xx[/api/reviews/my]" time="0.058" /><testcase classname="tests.test_customer_portal_e2e.TestExtraCustomerEndpoints" name="test_endpoint_no_5xx[/api/kyc/status]" time="0.060" /><testcase classname="tests.test_customer_portal_e2e.TestExtraCustomerEndpoints" name="test_endpoint_no_5xx[/api/customer-kyc/status]" time="0.058" /><testcase classname="tests.test_customer_portal_e2e.TestExtraCustomerEndpoints" name="test_endpoint_no_5xx[/api/complaints/my]" time="0.060" /><testcase classname="tests.test_customer_portal_e2e.TestExtraCustomerEndpoints" name="test_endpoint_no_5xx[/api/favorites]" time="0.062" /><testcase classname="tests.test_customer_portal_e2e.TestExtraCustomerEndpoints" name="test_endpoint_no_5xx[/api/referrals/my]" time="0.064" /><testcase classname="tests.test_customer_portal_e2e.TestExtraCustomerEndpoints" name="test_endpoint_no_5xx[/api/carbon/my-footprint]" time="0.062" /><testcase classname="tests.test_customer_portal_e2e.TestIteration47Fixes" name="test_booking_stats_returns_200" time="0.059" /><testcase classname="tests.test_customer_portal_e2e.TestIteration47Fixes" name="test_payments_transactions_fresh_inquiry_no_500" time="0.201" /><testcase classname="tests.test_customer_portal_e2e.TestIteration47Fixes" name="test_customer_refunds_200" time="0.055" /><testcase classname="tests.test_customer_portal_e2e.TestIteration47Fixes" name="test_documents_types_customer_allowed" time="0.061" /><testcase classname="tests.test_customer_portal_e2e.TestIteration47Fixes" name="test_invalid_service_type_rejected" time="0.059" /></testsuite></testsuites>