<?xml version="1.0" encoding="utf-8"?><testsuites name="pytest tests"><testsuite name="pytest" errors="0" failures="0" skipped="0" tests="14" time="2.771" timestamp="2026-08-02T22:56:25.153072+00:00" hostname="agent-env-e7a241a3-25d8-4dc1-b925-cc153d592c9d"><testcase classname="tests.test_emergency_booking.TestEmergencyConfig" name="test_config_public" time="0.986" /><testcase classname="tests.test_emergency_booking.TestEmergencyCreate" name="test_create_requires_auth" time="0.098" /><testcase classname="tests.test_emergency_booking.TestEmergencyCreate" name="test_create_invalid_urgency_level" time="0.102" /><testcase classname="tests.test_emergency_booking.TestEmergencyCreate" name="test_create_success_critical" time="0.108" /><testcase classname="tests.test_emergency_booking.TestEmergencyCreate" name="test_create_medium_urgency" time="0.112" /><testcase classname="tests.test_emergency_booking.TestMyRequests" name="test_customer_my_requests" time="0.105" /><testcase classname="tests.test_emergency_booking.TestMyRequests" name="test_my_requests_requires_auth" time="0.115" /><testcase classname="tests.test_emergency_booking.TestOperatorPending" name="test_operator_pending_requires_role" time="0.103" /><testcase classname="tests.test_emergency_booking.TestOperatorPending" name="test_operator_pending_ok" time="0.103" /><testcase classname="tests.test_emergency_booking.TestOperatorRespond" name="test_respond_requires_operator_role" time="0.107" /><testcase classname="tests.test_emergency_booking.TestOperatorRespond" name="test_respond_404_for_unknown" time="0.112" /><testcase classname="tests.test_emergency_booking.TestOperatorRespond" name="test_respond_cannot_fulfill_ok" time="0.159" /><testcase classname="tests.test_emergency_booking.TestAdminQueue" name="test_queue_requires_admin" time="0.212" /><testcase classname="tests.test_emergency_booking.TestAdminQueue" name="test_queue_admin_ok_sorted" time="0.147" /></testsuite></testsuites>