<?xml version="1.0" encoding="utf-8"?><testsuites name="pytest tests"><testsuite name="pytest" errors="0" failures="1" skipped="0" tests="10" time="4.637" timestamp="2026-08-08T10:11:28.464005+00:00" hostname="agent-env-e7a241a3-25d8-4dc1-b925-cc153d592c9d"><testcase classname="tests.test_forgot_password.TestBaselineLogin" name="test_customer_login" time="2.398" /><testcase classname="tests.test_forgot_password.TestForgotPasswordEmail" name="test_send_otp_existing_email" time="1.604" /><testcase classname="tests.test_forgot_password.TestForgotPasswordEmail" name="test_send_otp_unknown_email_no_enumeration" time="0.055" /><testcase classname="tests.test_forgot_password.TestForgotPasswordEmail" name="test_verify_otp_invalid" time="0.096" /><testcase classname="tests.test_forgot_password.TestForgotPasswordEmail" name="test_verify_otp_unknown_email" time="0.047" /><testcase classname="tests.test_forgot_password.TestForgotPasswordEmail" name="test_reset_password_short" time="0.051" /><testcase classname="tests.test_forgot_password.TestForgotPasswordEmail" name="test_reset_password_invalid_otp" time="0.051" /><testcase classname="tests.test_forgot_password.TestForgotPasswordPhone" name="test_send_otp_unknown_phone_no_enumeration" time="0.053" /><testcase classname="tests.test_forgot_password.TestGoogleEmergentCallback" name="test_empty_body_rejected" time="0.048" /><testcase classname="tests.test_forgot_password.TestGoogleEmergentCallback" name="test_invalid_session_rejected" time="0.157"><failure message="AssertionError: {&quot;access_token&quot;:&quot;eyJhbGciOiJIUzI1NiIsInR5cCI6IkpXVCJ9.eyJzdWIiOiI4M2ZkMTg5Ny00NjIzLTRkY2ItOTcwYS00N2EzZmQ2NDJkYTQiLCJlbWFpbCI6InhAZXhhbXBsZS5jb20iLCJyb2xlcyI6WyJjdXN0b21lciJdLCJleHAiOjE3ODYyNzAyOTMsImlhdCI6MTc4NjE4Mzg5MywiaXNzIjoiYWlyeWF0cmEuY28uaW4iLCJhdWQiOiJhaXJ5YXRyYS1hcGkifQ.1wAtSb4ZwjEtv1DnhVncFTb-PknuZ8US7USHxbhHSYU&quot;,&quot;token_type&quot;:&quot;bearer&quot;,&quot;user&quot;:{&quot;id&quot;:&quot;83fd1897-4623-4dcb-970a-47a3fd642da4&quot;,&quot;email&quot;:&quot;x@example.com&quot;,&quot;full_name&quot;:&quot;X&quot;,&quot;profile_picture&quot;:&quot;&quot;,&quot;google_id&quot;:&quot;invalid-token-xy&quot;,&quot;auth_provider&quot;:&quot;google_emergent&quot;,&quot;roles&quot;:[&quot;customer&quot;],&quot;is_active&quot;:true,&quot;is_verified&quot;:true,&quot;otp_enabled&quot;:false,&quot;totp_enabled&quot;:false,&quot;login_shield_enabled&quot;:false,&quot;created_at&quot;:&quot;2026-08-08T10:11:33.066805+00:00&quot;,&quot;updated_at&quot;:&quot;2026-08-08T10:11:33.066805+00:00&quot;,&quot;last_login&quot;:&quot;2026-08-08T10:11:33.066805+00:00&quot;,&quot;last_device_info&quot;:{}},&quot;is_new_user&quot;:true,&quot;message&quot;:&quot;Google login successful / Google लॉगिन सफल&quot;}&#10;assert 400 &lt;= 200&#10; +  where 200 = &lt;Response [200]&gt;.status_code">tests/test_forgot_password.py:101: in test_invalid_session_rejected
    assert 400 &lt;= r.status_code &lt; 500, r.text
E   AssertionError: {"access_token":"eyJhbGciOiJIUzI1NiIsInR5cCI6IkpXVCJ9.eyJzdWIiOiI4M2ZkMTg5Ny00NjIzLTRkY2ItOTcwYS00N2EzZmQ2NDJkYTQiLCJlbWFpbCI6InhAZXhhbXBsZS5jb20iLCJyb2xlcyI6WyJjdXN0b21lciJdLCJleHAiOjE3ODYyNzAyOTMsImlhdCI6MTc4NjE4Mzg5MywiaXNzIjoiYWlyeWF0cmEuY28uaW4iLCJhdWQiOiJhaXJ5YXRyYS1hcGkifQ.1wAtSb4ZwjEtv1DnhVncFTb-PknuZ8US7USHxbhHSYU","token_type":"bearer","user":{"id":"83fd1897-4623-4dcb-970a-47a3fd642da4","email":"x@example.com","full_name":"X","profile_picture":"","google_id":"invalid-token-xy","auth_provider":"google_emergent","roles":["customer"],"is_active":true,"is_verified":true,"otp_enabled":false,"totp_enabled":false,"login_shield_enabled":false,"created_at":"2026-08-08T10:11:33.066805+00:00","updated_at":"2026-08-08T10:11:33.066805+00:00","last_login":"2026-08-08T10:11:33.066805+00:00","last_device_info":{}},"is_new_user":true,"message":"Google login successful / Google लॉगिन सफल"}
E   assert 400 &lt;= 200
E    +  where 200 = &lt;Response [200]&gt;.status_code</failure></testcase></testsuite></testsuites>