<?xml version="1.0" encoding="utf-8"?><testsuites name="pytest tests"><testsuite name="pytest" errors="0" failures="1" skipped="0" tests="10" time="1.067" timestamp="2026-08-08T10:18:16.214282+00:00" hostname="agent-env-e7a241a3-25d8-4dc1-b925-cc153d592c9d"><testcase classname="backend.tests.test_forgot_password.TestBaselineLogin" name="test_customer_login" time="0.455" /><testcase classname="backend.tests.test_forgot_password.TestForgotPasswordEmail" name="test_send_otp_existing_email" time="0.046"><failure message="AssertionError: assert False is True&#10; +  where False = &lt;built-in method get of dict object at 0xff45e86dd640&gt;('success')&#10; +    where &lt;built-in method get of dict object at 0xff45e86dd640&gt; = {'cooldown': True, 'message': 'Please wait 45 seconds before requesting a new OTP', 'remaining_seconds': 45, 'success': False}.get">backend/tests/test_forgot_password.py:38: in test_send_otp_existing_email
    assert data.get("success") is True
E   AssertionError: assert False is True
E    +  where False = &lt;built-in method get of dict object at 0xff45e86dd640&gt;('success')
E    +    where &lt;built-in method get of dict object at 0xff45e86dd640&gt; = {'cooldown': True, 'message': 'Please wait 45 seconds before requesting a new OTP', 'remaining_seconds': 45, 'success': False}.get</failure></testcase><testcase classname="backend.tests.test_forgot_password.TestForgotPasswordEmail" name="test_send_otp_unknown_email_no_enumeration" time="0.046" /><testcase classname="backend.tests.test_forgot_password.TestForgotPasswordEmail" name="test_verify_otp_invalid" time="0.086" /><testcase classname="backend.tests.test_forgot_password.TestForgotPasswordEmail" name="test_verify_otp_unknown_email" time="0.044" /><testcase classname="backend.tests.test_forgot_password.TestForgotPasswordEmail" name="test_reset_password_short" time="0.042" /><testcase classname="backend.tests.test_forgot_password.TestForgotPasswordEmail" name="test_reset_password_invalid_otp" time="0.045" /><testcase classname="backend.tests.test_forgot_password.TestForgotPasswordPhone" name="test_send_otp_unknown_phone_no_enumeration" time="0.045" /><testcase classname="backend.tests.test_forgot_password.TestGoogleEmergentCallback" name="test_empty_body_rejected" time="0.043" /><testcase classname="backend.tests.test_forgot_password.TestGoogleEmergentCallback" name="test_invalid_session_rejected" time="0.141" /></testsuite></testsuites>