<?xml version="1.0" encoding="utf-8"?><testsuites name="pytest tests"><testsuite name="pytest" errors="0" failures="0" skipped="0" tests="7" time="1.126" timestamp="2026-08-08T09:17:48.486039+00:00" hostname="agent-env-e7a241a3-25d8-4dc1-b925-cc153d592c9d"><testcase classname="backend.tests.test_google_auth_fix.TestGoogleOAuthCallbackFix" name="test_settings_endpoint_available" time="0.138" /><testcase classname="backend.tests.test_google_auth_fix.TestGoogleOAuthCallbackFix" name="test_emergent_callback_success_with_valid_user_data" time="0.185" /><testcase classname="backend.tests.test_google_auth_fix.TestGoogleOAuthCallbackFix" name="test_emergent_callback_existing_user_updates" time="0.094" /><testcase classname="backend.tests.test_google_auth_fix.TestGoogleOAuthCallbackFix" name="test_emergent_callback_rejects_missing_email" time="0.045" /><testcase classname="backend.tests.test_google_auth_fix.TestGoogleOAuthCallbackFix" name="test_emergent_callback_rejects_empty_emergent_user" time="0.041" /><testcase classname="backend.tests.test_google_auth_fix.TestNormalLoginRegression" name="test_customer_login_success" time="0.297" /><testcase classname="backend.tests.test_google_auth_fix.TestNormalLoginRegression" name="test_customer_login_invalid_password" time="0.270" /></testsuite></testsuites>