<?xml version="1.0" encoding="utf-8"?><testsuites name="pytest tests"><testsuite name="pytest" errors="0" failures="0" skipped="0" tests="8" time="3.704" timestamp="2026-08-01T09:16:19.946906+00:00" hostname="agent-env-da31a13b-e9f2-4184-aab6-09de9ba68229"><testcase classname="backend.tests.test_hrms.TestEmployeeManagement" name="test_create_employee" time="0.712" /><testcase classname="backend.tests.test_hrms.TestEmployeeManagement" name="test_list_employees" time="0.111" /><testcase classname="backend.tests.test_hrms.TestEmployeeManagement" name="test_deactivate_then_reactivate" time="0.847" /><testcase classname="backend.tests.test_hrms.TestEmployeeSelfService" name="test_overview" time="0.104" /><testcase classname="backend.tests.test_hrms.TestEmployeeSelfService" name="test_checkin_checkout_and_my" time="0.295" /><testcase classname="backend.tests.test_hrms.TestEmployeeSelfService" name="test_leave_apply_admin_approve" time="0.398" /><testcase classname="backend.tests.test_hrms.TestEmployeeSelfService" name="test_payroll_generate_idempotent_and_pdf" time="0.744" /><testcase classname="backend.tests.test_hrms.TestEmployeeSelfService" name="test_expense_flow" time="0.415" /></testsuite></testsuites>