<?xml version="1.0" encoding="utf-8"?><testsuites name="pytest tests"><testsuite name="pytest" errors="0" failures="0" skipped="0" tests="18" time="4.397" timestamp="2026-08-08T19:45:57.672851+00:00" hostname="agent-env-6c5d2a03-6ba3-4b5f-bc59-d40df60b3834"><testcase classname="tests.test_iter50_payment_rules_preflight.TestPaymentRules" name="test_get_requires_admin_403_for_customer" time="0.606" /><testcase classname="tests.test_iter50_payment_rules_preflight.TestPaymentRules" name="test_get_admin_ok" time="0.438" /><testcase classname="tests.test_iter50_payment_rules_preflight.TestPaymentRules" name="test_put_invalid_default_advance_400" time="0.112" /><testcase classname="tests.test_iter50_payment_rules_preflight.TestPaymentRules" name="test_put_invalid_rule_advance_400" time="0.154" /><testcase classname="tests.test_iter50_payment_rules_preflight.TestPaymentRules" name="test_put_min_greater_than_max_400" time="0.122" /><testcase classname="tests.test_iter50_payment_rules_preflight.TestPaymentRules" name="test_put_and_preview_resolution" time="0.560" /><testcase classname="tests.test_iter50_payment_rules_preflight.TestPaymentRules" name="test_reset_rules_cleanup" time="0.210" /><testcase classname="tests.test_iter50_payment_rules_preflight.TestPaymentRules" name="test_fallback_default_when_no_rules" time="0.111" /><testcase classname="tests.test_iter50_payment_rules_preflight.TestPreflight" name="test_get_checklist_no_auth_401" time="0.248" /><testcase classname="tests.test_iter50_payment_rules_preflight.TestPreflight" name="test_get_checklist_owner_ok" time="0.114" /><testcase classname="tests.test_iter50_payment_rules_preflight.TestPreflight" name="test_get_checklist_other_customer_403" time="0.440" /><testcase classname="tests.test_iter50_payment_rules_preflight.TestPreflight" name="test_update_passenger_item_owner_ok" time="0.223" /><testcase classname="tests.test_iter50_payment_rules_preflight.TestPreflight" name="test_update_aircraft_type_customer_forbidden" time="0.103" /><testcase classname="tests.test_iter50_payment_rules_preflight.TestPreflight" name="test_update_aircraft_operator_ok" time="0.441" /><testcase classname="tests.test_iter50_payment_rules_preflight.TestPreflight" name="test_update_other_customer_passenger_forbidden" time="0.118" /><testcase classname="tests.test_iter50_payment_rules_preflight.TestPreflight" name="test_status_owner_ok" time="0.123" /><testcase classname="tests.test_iter50_payment_rules_preflight.TestPreflight" name="test_status_other_customer_403" time="0.110" /><testcase classname="tests.test_iter50_payment_rules_preflight.TestPreflight" name="test_status_no_auth_401" time="0.106" /></testsuite></testsuites>