<?xml version="1.0" encoding="utf-8"?><testsuites name="pytest tests"><testsuite name="pytest" errors="0" failures="1" skipped="0" tests="15" time="13.782" timestamp="2026-08-14T18:55:17.569296+00:00" hostname="agent-env-6c5d2a03-6ba3-4b5f-bc59-d40df60b3834"><testcase classname="tests.test_cashfree_upi_collect.TestUpiCollect" name="test_upi_collect_success_yacht" time="7.858" /><testcase classname="tests.test_cashfree_upi_collect.TestUpiCollect" name="test_upi_collect_invalid_upi" time="0.148" /><testcase classname="tests.test_cashfree_upi_collect.TestUpiCollect" name="test_upi_collect_nonexistent_booking" time="0.134" /><testcase classname="tests.test_cashfree_upi_collect.TestUpiCollect" name="test_upi_collect_owner_forbidden" time="0.133" /><testcase classname="tests.test_cashfree_upi_collect.TestCollectStatus" name="test_status_owner_pending" time="0.698" /><testcase classname="tests.test_cashfree_upi_collect.TestCollectStatus" name="test_status_fake_order_404" time="0.148" /><testcase classname="tests.test_cashfree_upi_collect.TestCollectStatus" name="test_status_other_user_403" time="0.147" /><testcase classname="tests.test_cashfree_upi_collect.TestWebhook" name="test_webhook_invalid_signature_401" time="0.152" /><testcase classname="tests.test_cashfree_upi_collect.TestWebhook" name="test_webhook_valid_signature_finalizes" time="1.080"><failure message="AssertionError: audit log missing&#10;assert None">tests/test_cashfree_upi_collect.py:265: in test_webhook_valid_signature_finalizes
    _run(verify())
tests/test_cashfree_upi_collect.py:66: in _run
    return loop.run_until_complete(coro)
           ^^^^^^^^^^^^^^^^^^^^^^^^^^^^^
/usr/local/lib/python3.11/asyncio/base_events.py:654: in run_until_complete
    return future.result()
           ^^^^^^^^^^^^^^^
tests/test_cashfree_upi_collect.py:261: in verify
    assert audit, "audit log missing"
E   AssertionError: audit log missing
E   assert None</failure></testcase><testcase classname="tests.test_cashfree_upi_collect.TestWebhook" name="test_webhook_duplicate_protection" time="0.155" /><testcase classname="tests.test_cashfree_upi_collect.TestPricing" name="test_apply_already_active" time="2.439" /><testcase classname="tests.test_cashfree_upi_collect.TestPricing" name="test_prices_reflect_in_db" time="0.005" /><testcase classname="tests.test_cashfree_upi_collect.TestPricing" name="test_customer_forbidden_apply" time="0.137" /><testcase classname="tests.test_cashfree_upi_collect.TestPricing" name="test_customer_forbidden_restore" time="0.133" /><testcase classname="tests.test_cashfree_upi_collect.TestPricing" name="test_restore_and_reapply_cycle" time="0.285" /></testsuite></testsuites>