<?xml version="1.0" encoding="utf-8"?><testsuites name="pytest tests"><testsuite name="pytest" errors="0" failures="0" skipped="0" tests="20" time="13.454" timestamp="2026-08-14T14:42:08.785529+00:00" hostname="agent-env-6c5d2a03-6ba3-4b5f-bc59-d40df60b3834"><testcase classname="tests.test_iter66_audit_trail.TestAccessControl" name="test_admin_can_access_feed" time="3.781" /><testcase classname="tests.test_iter66_audit_trail.TestAccessControl" name="test_customer_forbidden" time="0.497" /><testcase classname="tests.test_iter66_audit_trail.TestAccessControl" name="test_yacht_forbidden" time="1.802" /><testcase classname="tests.test_iter66_audit_trail.TestFiltersAndReports" name="test_16_report_types_present" time="0.147" /><testcase classname="tests.test_iter66_audit_trail.TestFiltersAndReports" name="test_preset_today" time="0.170" /><testcase classname="tests.test_iter66_audit_trail.TestFiltersAndReports" name="test_preset_this_week" time="0.166" /><testcase classname="tests.test_iter66_audit_trail.TestFiltersAndReports" name="test_report_type_login" time="0.179" /><testcase classname="tests.test_iter66_audit_trail.TestFiltersAndReports" name="test_action_filter" time="0.145" /><testcase classname="tests.test_iter66_audit_trail.TestFiltersAndReports" name="test_search_and_ip_filter" time="0.296" /><testcase classname="tests.test_iter66_audit_trail.TestLogGeneration" name="test_failed_login_captured" time="2.252" /><testcase classname="tests.test_iter66_audit_trail.TestLogGeneration" name="test_customer_login_captured" time="1.137" /><testcase classname="tests.test_iter66_audit_trail.TestLogGeneration" name="test_report_download_logged" time="1.528" /><testcase classname="tests.test_iter66_audit_trail.TestExports" name="test_export_csv" time="0.224" /><testcase classname="tests.test_iter66_audit_trail.TestExports" name="test_export_excel" time="0.235" /><testcase classname="tests.test_iter66_audit_trail.TestExports" name="test_export_pdf" time="0.239" /><testcase classname="tests.test_iter66_audit_trail.TestSuspicious" name="test_suspicious_returns_alerts" time="0.147" /><testcase classname="tests.test_iter66_audit_trail.TestSuspicious" name="test_alerts_persisted" time="0.008" /><testcase classname="tests.test_iter66_audit_trail.TestImmutability" name="test_verify_integrity_ok" time="0.150" /><testcase classname="tests.test_iter66_audit_trail.TestImmutability" name="test_no_delete_endpoint" time="0.129" /><testcase classname="tests.test_iter66_audit_trail.TestImmutability" name="test_admin_cannot_archive" time="0.138" /></testsuite></testsuites>