<?xml version="1.0" encoding="utf-8"?><testsuites name="pytest tests"><testsuite name="pytest" errors="0" failures="0" skipped="0" tests="10" time="3.030" timestamp="2026-08-10T07:16:22.595497+00:00" hostname="agent-env-6c5d2a03-6ba3-4b5f-bc59-d40df60b3834"><testcase classname="backend.tests.test_iter51_fixes.TestPreflightOwnerFallback" name="test_get_checklist_401_without_token" time="0.221" /><testcase classname="backend.tests.test_iter51_fixes.TestPreflightOwnerFallback" name="test_get_checklist_owner_ok" time="1.436" /><testcase classname="backend.tests.test_iter51_fixes.TestPreflightOwnerFallback" name="test_get_checklist_403_other_customer" time="0.115" /><testcase classname="backend.tests.test_iter51_fixes.TestPreflightOwnerFallback" name="test_update_aircraft_forbidden_for_customer" time="0.104" /><testcase classname="backend.tests.test_iter51_fixes.TestPreflightOwnerFallback" name="test_update_aircraft_ok_for_operator" time="0.101" /><testcase classname="backend.tests.test_iter51_fixes.TestPreflightOwnerFallback" name="test_update_passenger_ok_for_owner" time="0.119" /><testcase classname="backend.tests.test_iter51_fixes.TestWalletAtomicDebit" name="test_apply_wallet_success_and_persistence" time="0.278" /><testcase classname="backend.tests.test_iter51_fixes.TestWalletAtomicDebit" name="test_second_apply_zero_balance_returns_400" time="0.100" /><testcase classname="backend.tests.test_iter51_fixes.TestWalletAtomicDebit" name="test_apply_wallet_forbidden_for_other_customer" time="0.109" /><testcase classname="backend.tests.test_iter51_fixes.TestBoardingReminderChecklistCount" name="test_scheduler_counts_checked_items" time="0.391" /></testsuite></testsuites>