<?xml version="1.0" encoding="utf-8"?><testsuites name="pytest tests"><testsuite name="pytest" errors="0" failures="0" skipped="0" tests="4" time="6.376" timestamp="2026-08-13T18:35:05.262032+00:00" hostname="agent-env-6c5d2a03-6ba3-4b5f-bc59-d40df60b3834"><testcase classname="tests.test_iter59_fixes.TestFix1_SubmitQuoteBreakdown" name="test_create_custom_quote_booking" time="5.746" /><testcase classname="tests.test_iter59_fixes.TestFix1_SubmitQuoteBreakdown" name="test_submit_quote_returns_full_breakdown" time="0.180" /><testcase classname="tests.test_iter59_fixes.TestFix2_InvoiceEmailLog" name="test_admin_can_get_invoice_email_log" time="0.130" /><testcase classname="tests.test_iter59_fixes.TestFix2_InvoiceEmailLog" name="test_customer_forbidden" time="0.262" /></testsuite></testsuites>