<?xml version="1.0" encoding="utf-8"?><testsuites name="pytest tests"><testsuite name="pytest" errors="0" failures="0" skipped="0" tests="18" time="47.013" timestamp="2026-08-14T02:48:40.271615+00:00" hostname="agent-env-6c5d2a03-6ba3-4b5f-bc59-d40df60b3834"><testcase classname="tests.test_iter60_refund_approval.TestReasonsCRUD" name="test_list_reasons_seeds_defaults" time="9.191" /><testcase classname="tests.test_iter60_refund_approval.TestReasonsCRUD" name="test_admin_add_and_delete_reason" time="0.603" /><testcase classname="tests.test_iter60_refund_approval.TestReasonsCRUD" name="test_customer_forbidden_to_add_reason" time="0.246" /><testcase classname="tests.test_iter60_refund_approval.TestCustomerCancel" name="test_customer_cancel_applies_10pct_deduction" time="3.600" /><testcase classname="tests.test_iter60_refund_approval.TestCustomerCancel" name="test_duplicate_customer_cancel_fails" time="0.129" /><testcase classname="tests.test_iter60_refund_approval.TestCustomerCancel" name="test_other_customer_forbidden" time="2.211" /><testcase classname="tests.test_iter60_refund_approval.TestOperatorCancel" name="test_operator_cancel_without_reason_400" time="6.318" /><testcase classname="tests.test_iter60_refund_approval.TestOperatorCancel" name="test_operator_cancel_with_valid_reason_full_refund" time="3.669" /><testcase classname="tests.test_iter60_refund_approval.TestApprovalFlow" name="test_sales_request_otp" time="6.071" /><testcase classname="tests.test_iter60_refund_approval.TestApprovalFlow" name="test_wrong_otp_401" time="0.131" /><testcase classname="tests.test_iter60_refund_approval.TestApprovalFlow" name="test_sales_first_approval" time="0.142" /><testcase classname="tests.test_iter60_refund_approval.TestApprovalFlow" name="test_sales_double_approve_blocked" time="1.320" /><testcase classname="tests.test_iter60_refund_approval.TestApprovalFlow" name="test_admin_second_approval_finalizes" time="1.231" /><testcase classname="tests.test_iter60_refund_approval.TestAdminOnlyGate" name="test_invoice_sent_blocks_sales" time="4.769" /><testcase classname="tests.test_iter60_refund_approval.TestManualRefund" name="test_manual_partial" time="3.455" /><testcase classname="tests.test_iter60_refund_approval.TestManualRefund" name="test_manual_over_paid_400" time="3.535" /><testcase classname="tests.test_iter60_refund_approval.TestPendingList" name="test_staff_can_list" time="0.113" /><testcase classname="tests.test_iter60_refund_approval.TestPendingList" name="test_customer_forbidden" time="0.130" /></testsuite></testsuites>