<?xml version="1.0" encoding="utf-8"?><testsuites name="pytest tests"><testsuite name="pytest" errors="0" failures="0" skipped="0" tests="10" time="1.564" timestamp="2026-08-06T10:43:24.092237+00:00" hostname="agent-env-e7a241a3-25d8-4dc1-b925-cc153d592c9d"><testcase classname="tests.test_repositioning_and_catalog.TestFixedRoutes" name="test_list_returns_at_least_8_seeded" time="0.242" /><testcase classname="tests.test_repositioning_and_catalog.TestFixedRoutes" name="test_get_by_code_delhi_mumbai" time="0.193" /><testcase classname="tests.test_repositioning_and_catalog.TestFixedRoutes" name="test_origin_filter" time="0.116" /><testcase classname="tests.test_repositioning_and_catalog.TestFixedRoutes" name="test_route_not_found_404" time="0.116" /><testcase classname="tests.test_repositioning_and_catalog.TestPublicBrowse" name="test_browse_returns_published_aircraft" time="0.140" /><testcase classname="tests.test_repositioning_and_catalog.TestPublicBrowse" name="test_browse_filter_aircraft_type" time="0.200" /><testcase classname="tests.test_repositioning_and_catalog.TestPublicBrowse" name="test_browse_filter_min_seats" time="0.125" /><testcase classname="tests.test_repositioning_and_catalog.TestPublicBrowse" name="test_browse_filter_max_hourly_price" time="0.126" /><testcase classname="tests.test_repositioning_and_catalog.TestPublicBrowse" name="test_browse_no_auth_required" time="0.117" /><testcase classname="tests.test_repositioning_and_catalog.TestNotificationStatus" name="test_status_flags" time="0.131" /></testsuite></testsuites>