<?xml version="1.0" encoding="utf-8"?><testsuites name="pytest tests"><testsuite name="pytest" errors="0" failures="0" skipped="0" tests="16" time="21.083" timestamp="2026-08-18T09:42:58.032135+00:00" hostname="agent-env-6c5d2a03-6ba3-4b5f-bc59-d40df60b3834"><testcase classname="tests.test_iter75_cashfree_refund" name="test_scenario_1_single_order_full_refund" time="0.435" /><testcase classname="tests.test_iter75_cashfree_refund" name="test_scenario_2_split_two_orders" time="0.037" /><testcase classname="tests.test_iter75_cashfree_refund" name="test_scenario_3_failure_then_resume_no_double_refund" time="0.035" /><testcase classname="tests.test_iter75_cashfree_refund" name="test_scenario_4_idempotency_already_refunded" time="0.013" /><testcase classname="tests.test_iter75_cashfree_refund" name="test_scenario_5_razorpay_priority_unchanged" time="0.024" /><testcase classname="tests.test_iter75_cashfree_refund" name="test_scenario_6_no_gateway_manual_queue" time="0.017" /><testcase classname="tests.test_iter75_cashfree_refund.TestE2ECashfreeChain" name="test_a_customer_cancel" time="2.394" /><testcase classname="tests.test_iter75_cashfree_refund.TestE2ECashfreeChain" name="test_b_finance_approve_via_otp" time="10.402" /><testcase classname="tests.test_iter75_cashfree_refund.TestE2ECashfreeChain" name="test_c_admin_approve_triggers_cashfree_gateway_fail" time="6.120" /><testcase classname="tests.test_iter75_cashfree_refund.TestE2ECashfreeChain" name="test_d_appears_in_failed_gateway" time="0.121" /><testcase classname="tests.test_iter75_cashfree_refund.TestE2ECashfreeChain" name="test_e_retry_gateway_still_fails" time="0.496" /><testcase classname="tests.test_iter75_cashfree_refund.TestE2ECashfreeChain" name="test_f_mark_processed_closes_out" time="0.315" /><testcase classname="tests.test_iter75_cashfree_refund.TestRegressionPanels" name="test_admin_pending_ok" time="0.114" /><testcase classname="tests.test_iter75_cashfree_refund.TestRegressionPanels" name="test_finance_pending_ok" time="0.208" /><testcase classname="tests.test_iter75_cashfree_refund.TestRegressionPanels" name="test_customer_my_ok" time="0.125" /><testcase classname="tests.test_iter75_cashfree_refund.TestRegressionPanels" name="test_care_view_ok" time="0.134" /></testsuite></testsuites>