<?xml version="1.0" encoding="utf-8"?><testsuites name="pytest tests"><testsuite name="pytest" errors="0" failures="0" skipped="0" tests="11" time="3.108" timestamp="2026-08-10T07:17:35.941692+00:00" hostname="agent-env-6c5d2a03-6ba3-4b5f-bc59-d40df60b3834"><testcase classname="backend.tests.test_marketplace.TestMarketplaceSearch" name="test_helicopter_marketplace_search" time="0.580" /><testcase classname="backend.tests.test_marketplace.TestMarketplaceSearch" name="test_repositioning_ferry_charges" time="0.100" /><testcase classname="backend.tests.test_marketplace.TestMarketplaceSearch" name="test_invalid_aircraft_type_400" time="0.104" /><testcase classname="backend.tests.test_marketplace.TestMarketplaceSearch" name="test_cargo_forces_auction_mode" time="0.108" /><testcase classname="backend.tests.test_marketplace.TestInstantBooking" name="test_instant_book_creates_MKT_booking_and_stripe_checkout" time="0.761" /><testcase classname="backend.tests.test_marketplace.TestAuctionE2E" name="test_1_start_auction" time="0.106" /><testcase classname="backend.tests.test_marketplace.TestAuctionE2E" name="test_2_operator_submits_quote" time="0.443" /><testcase classname="backend.tests.test_marketplace.TestAuctionE2E" name="test_3_live_state_has_quote_with_operator_name" time="0.101" /><testcase classname="backend.tests.test_marketplace.TestAuctionE2E" name="test_4_second_customer_forbidden" time="0.535" /><testcase classname="backend.tests.test_marketplace.TestAuctionE2E" name="test_5_accept_quote_creates_payable_booking" time="0.107" /><testcase classname="backend.tests.test_marketplace.TestAuctionE2E" name="test_6_live_after_accept_shows_quote_selected" time="0.106" /></testsuite></testsuites>