<?xml version="1.0" encoding="utf-8"?><testsuites name="pytest tests"><testsuite name="pytest" errors="0" failures="7" skipped="0" tests="25" time="4.543" timestamp="2026-08-11T11:55:36.084234+00:00" hostname="agent-env-6c5d2a03-6ba3-4b5f-bc59-d40df60b3834"><testcase classname="tests.test_iter56_operator_integration.TestIntegration5_OperatorCoreHealth" name="test_operator_profile" time="1.875" /><testcase classname="tests.test_iter56_operator_integration.TestIntegration5_OperatorCoreHealth" name="test_operator_dashboard" time="0.103" /><testcase classname="tests.test_iter56_operator_integration.TestIntegration5_OperatorCoreHealth" name="test_operator_revenue_dashboard" time="0.107" /><testcase classname="tests.test_iter56_operator_integration.TestIntegration5_OperatorCoreHealth" name="test_operator_fleet_analytics" time="0.120" /><testcase classname="tests.test_iter56_operator_integration.TestIntegration5_OperatorCoreHealth" name="test_operator_maintenance_alerts" time="0.109" /><testcase classname="tests.test_iter56_operator_integration.TestIntegration5_OperatorCoreHealth" name="test_operator_erp_overview" time="0.100" /><testcase classname="tests.test_iter56_operator_integration.TestIntegration5_OperatorCoreHealth" name="test_operator_erp_logbook" time="0.113" /><testcase classname="tests.test_iter56_operator_integration.TestIntegration5_OperatorCoreHealth" name="test_operator_erp_documents" time="0.108" /><testcase classname="tests.test_iter56_operator_integration.TestIntegration5_OperatorCoreHealth" name="test_operator_erp_fuel" time="0.108" /><testcase classname="tests.test_iter56_operator_integration.TestIntegration1_OperatorCustomerQuoteFlow" name="test_customer_creates_custom_quote_booking" time="0.102"><failure message="AssertionError: Internal Server Error&#10;assert 500 in (200, 201)&#10; +  where 500 = &lt;Response [500]&gt;.status_code">E   AssertionError: Internal Server Error
    assert 500 in (200, 201)
     +  where 500 = &lt;Response [500]&gt;.status_code</failure></testcase><testcase classname="tests.test_iter56_operator_integration.TestIntegration1_OperatorCustomerQuoteFlow" name="test_operator_sees_quote_request" time="0.122"><failure message="KeyError: 'booking_id'">E   KeyError: 'booking_id'</failure></testcase><testcase classname="tests.test_iter56_operator_integration.TestIntegration1_OperatorCustomerQuoteFlow" name="test_operator_submits_quote" time="0.000"><failure message="KeyError: 'booking_id'">E   KeyError: 'booking_id'</failure></testcase><testcase classname="tests.test_iter56_operator_integration.TestIntegration1_OperatorCustomerQuoteFlow" name="test_customer_sees_quote_on_booking" time="0.000"><failure message="KeyError: 'booking_id'">E   KeyError: 'booking_id'</failure></testcase><testcase classname="tests.test_iter56_operator_integration.TestIntegration1_OperatorCustomerQuoteFlow" name="test_customer_accepts_quote" time="0.000"><failure message="KeyError: 'booking_id'">E   KeyError: 'booking_id'</failure></testcase><testcase classname="tests.test_iter56_operator_integration.TestIntegration1_OperatorCustomerQuoteFlow" name="test_operator_sees_accepted_in_my_quotes" time="0.111"><failure message="KeyError: 'quote_id'">E   KeyError: 'quote_id'</failure></testcase><testcase classname="tests.test_iter56_operator_integration.TestIntegration2_OperatorPilot" name="test_list_pilots" time="0.107" /><testcase classname="tests.test_iter56_operator_integration.TestIntegration2_OperatorPilot" name="test_create_pilot" time="0.104" /><testcase classname="tests.test_iter56_operator_integration.TestIntegration2_OperatorPilot" name="test_pilot_availability" time="0.102" /><testcase classname="tests.test_iter56_operator_integration.TestIntegration2_OperatorPilot" name="test_assign_pilot_to_inquiry" time="0.219" /><testcase classname="tests.test_iter56_operator_integration.TestIntegration2_OperatorPilot" name="test_pilot_mobile_dashboard_shows_assignment" time="0.109"><failure message="Failed: INTEGRATION GAP: pilot mobile dashboard shows 0 upcoming flights even though operator just assigned a pilot. Root cause: operator writes pilot_assignments.pilot_id = db.pilots.id and .date=YYYY-MM-DD, but pilot mobile queries by pilot_id = user_id and .flight_date. Additionally pilot@airyatra.co.in may not be linked (via user_id) to the operator's db.pilots record.">E   Failed: INTEGRATION GAP: pilot mobile dashboard shows 0 upcoming flights even though operator just assigned a pilot. Root cause: operator writes pilot_assignments.pilot_id = db.pilots.id and .date=YYYY-MM-DD, but pilot mobile queries by pilot_id = user_id and .flight_date. Additionally pilot@airyatra.co.in may not be linked (via user_id) to the operator's db.pilots record.</failure></testcase><testcase classname="tests.test_iter56_operator_integration.TestIntegration3_OperatorAdmin" name="test_admin_pending_approvals" time="0.103" /><testcase classname="tests.test_iter56_operator_integration.TestIntegration3_OperatorAdmin" name="test_admin_operator_performance" time="0.206" /><testcase classname="tests.test_iter56_operator_integration.TestIntegration3_OperatorAdmin" name="test_admin_operator_documents" time="0.107" /><testcase classname="tests.test_iter56_operator_integration.TestIntegration3_OperatorAdmin" name="test_admin_suspend_activate_roundtrip" time="0.226" /><testcase classname="tests.test_iter56_operator_integration.TestIntegration4_OperatorCEO" name="test_ceo_dashboard_has_operator_counts" time="0.122" /></testsuite></testsuites>