<?xml version="1.0" encoding="utf-8"?><testsuites name="pytest tests"><testsuite name="pytest" errors="0" failures="0" skipped="0" tests="16" time="10.005" timestamp="2026-08-13T18:36:16.349243+00:00" hostname="agent-env-6c5d2a03-6ba3-4b5f-bc59-d40df60b3834"><testcase classname="tests.test_iter57_platform_fees.TestPlatformFeeCRUD" name="test_list_requires_admin" time="2.026" /><testcase classname="tests.test_iter57_platform_fees.TestPlatformFeeCRUD" name="test_list_admin_ok" time="0.133" /><testcase classname="tests.test_iter57_platform_fees.TestPlatformFeeCRUD" name="test_create_route_rule" time="0.423" /><testcase classname="tests.test_iter57_platform_fees.TestPlatformFeeCRUD" name="test_create_city_wide_rule" time="0.139" /><testcase classname="tests.test_iter57_platform_fees.TestPlatformFeeCRUD" name="test_validation_invalid_fee_type" time="0.149" /><testcase classname="tests.test_iter57_platform_fees.TestPlatformFeeCRUD" name="test_validation_percent_over_100" time="0.126" /><testcase classname="tests.test_iter57_platform_fees.TestPlatformFeeCRUD" name="test_validation_negative_value" time="0.140" /><testcase classname="tests.test_iter57_platform_fees.TestPlatformFeeCRUD" name="test_non_admin_cannot_create" time="0.123" /><testcase classname="tests.test_iter57_platform_fees.TestPlatformFeeCRUD" name="test_toggle_active" time="0.375" /><testcase classname="tests.test_iter57_platform_fees.TestPreview" name="test_preview_route_match" time="0.149" /><testcase classname="tests.test_iter57_platform_fees.TestPreview" name="test_preview_bidirectional" time="0.134" /><testcase classname="tests.test_iter57_platform_fees.TestPreview" name="test_preview_fallback_global_default" time="0.145" /><testcase classname="tests.test_iter57_platform_fees.TestAutoApplyOperatorQuote" name="test_customer_creates_custom_quote_booking" time="2.209" /><testcase classname="tests.test_iter57_platform_fees.TestAutoApplyOperatorQuote" name="test_operator_submits_quote_fee_applied" time="0.284" /><testcase classname="tests.test_iter57_platform_fees.TestAutoApplyQuotesRoute" name="test_create_quote_via_quotes_route" time="2.964" /><testcase classname="tests.test_iter57_platform_fees.TestRegression" name="test_marketplace_search" time="0.389" /></testsuite></testsuites>