<?xml version="1.0" encoding="utf-8"?><testsuites name="pytest tests"><testsuite name="pytest" errors="0" failures="0" skipped="0" tests="6" time="9.109" timestamp="2026-08-17T04:27:21.142915+00:00" hostname="agent-env-6c5d2a03-6ba3-4b5f-bc59-d40df60b3834"><testcase classname="tests.test_iter71_gateway_report_and_payment_link.TestGatewayReport" name="test_admin_gets_report" time="7.616" /><testcase classname="tests.test_iter71_gateway_report_and_payment_link.TestGatewayReport" name="test_customer_forbidden" time="0.470" /><testcase classname="tests.test_iter71_gateway_report_and_payment_link.TestGatewayReport" name="test_unauthenticated_401" time="0.098" /><testcase classname="tests.test_iter71_gateway_report_and_payment_link.TestPaymentLink" name="test_payment_link_returns_400_feature_not_enabled" time="0.615" /><testcase classname="tests.test_iter71_gateway_report_and_payment_link.TestPaymentLink" name="test_payment_link_missing_booking_404" time="0.119" /><testcase classname="tests.test_iter71_gateway_report_and_payment_link.TestPaymentLink" name="test_payment_link_unauthenticated" time="0.133" /></testsuite></testsuites>