<?xml version="1.0" encoding="utf-8"?><testsuites name="pytest tests"><testsuite name="pytest" errors="0" failures="1" skipped="0" tests="16" time="13.000" timestamp="2026-08-11T19:25:06.811512+00:00" hostname="agent-env-6c5d2a03-6ba3-4b5f-bc59-d40df60b3834"><testcase classname="tests.test_iter57_platform_fees.TestPlatformFeeCRUD" name="test_list_requires_admin" time="2.889" /><testcase classname="tests.test_iter57_platform_fees.TestPlatformFeeCRUD" name="test_list_admin_ok" time="0.153" /><testcase classname="tests.test_iter57_platform_fees.TestPlatformFeeCRUD" name="test_create_route_rule" time="0.399" /><testcase classname="tests.test_iter57_platform_fees.TestPlatformFeeCRUD" name="test_create_city_wide_rule" time="0.129" /><testcase classname="tests.test_iter57_platform_fees.TestPlatformFeeCRUD" name="test_validation_invalid_fee_type" time="0.123" /><testcase classname="tests.test_iter57_platform_fees.TestPlatformFeeCRUD" name="test_validation_percent_over_100" time="0.183" /><testcase classname="tests.test_iter57_platform_fees.TestPlatformFeeCRUD" name="test_validation_negative_value" time="0.127" /><testcase classname="tests.test_iter57_platform_fees.TestPlatformFeeCRUD" name="test_non_admin_cannot_create" time="0.147" /><testcase classname="tests.test_iter57_platform_fees.TestPlatformFeeCRUD" name="test_toggle_active" time="0.392" /><testcase classname="tests.test_iter57_platform_fees.TestPreview" name="test_preview_route_match" time="0.225" /><testcase classname="tests.test_iter57_platform_fees.TestPreview" name="test_preview_bidirectional" time="0.120" /><testcase classname="tests.test_iter57_platform_fees.TestPreview" name="test_preview_fallback_global_default" time="0.113" /><testcase classname="tests.test_iter57_platform_fees.TestAutoApplyOperatorQuote" name="test_customer_creates_custom_quote_booking" time="2.888" /><testcase classname="tests.test_iter57_platform_fees.TestAutoApplyOperatorQuote" name="test_operator_submits_quote_fee_applied" time="0.265" /><testcase classname="tests.test_iter57_platform_fees.TestAutoApplyQuotesRoute" name="test_create_quote_via_quotes_route" time="4.328" /><testcase classname="tests.test_iter57_platform_fees.TestRegression" name="test_marketplace_search" time="0.417"><failure message="AssertionError: marketplace search failed: 422 {&quot;detail&quot;:[{&quot;type&quot;:&quot;missing&quot;,&quot;loc&quot;:[&quot;body&quot;,&quot;travel_date&quot;],&quot;msg&quot;:&quot;Field required&quot;,&quot;input&quot;:{&quot;from_location&quot;:&quot;Mumbai&quot;,&quot;to_location&quot;:&quot;Pune&quot;,&quot;departure_date&quot;:&quot;2026-10-01&quot;,&quot;passengers&quot;:2,&quot;aircraft_type&quot;:&quot;helicopter&quot;},&quot;url&quot;:&quot;https://errors.pydantic.dev/2.12/v/missing&quot;}]}&#10;assert 422 == 200&#10; +  where 422 = &lt;Response [422]&gt;.status_code">tests/test_iter57_platform_fees.py:248: in test_marketplace_search
    assert r.status_code == 200, f"marketplace search failed: {r.status_code} {r.text[:300]}"
E   AssertionError: marketplace search failed: 422 {"detail":[{"type":"missing","loc":["body","travel_date"],"msg":"Field required","input":{"from_location":"Mumbai","to_location":"Pune","departure_date":"2026-10-01","passengers":2,"aircraft_type":"helicopter"},"url":"https://errors.pydantic.dev/2.12/v/missing"}]}
E   assert 422 == 200
E    +  where 422 = &lt;Response [422]&gt;.status_code</failure></testcase></testsuite></testsuites>