<?xml version="1.0" encoding="utf-8"?><testsuites name="pytest tests"><testsuite name="pytest" errors="0" failures="0" skipped="0" tests="11" time="18.941" timestamp="2026-08-18T08:56:21.234734+00:00" hostname="agent-env-6c5d2a03-6ba3-4b5f-bc59-d40df60b3834"><testcase classname="backend.tests.test_iter74_refund_flow.TestCustomerCancelFlow" name="test_cancel_creates_refund_request_with_10pct_policy" time="2.842" /><testcase classname="backend.tests.test_iter74_refund_flow.TestCustomerCancelFlow" name="test_double_cancel_rejected" time="0.124" /><testcase classname="backend.tests.test_iter74_refund_flow.TestCustomerCancelFlow" name="test_booking_status_now_cancellation_requested" time="0.123" /><testcase classname="backend.tests.test_iter74_refund_flow.TestPanelVisibility" name="test_admin_sees_pending" time="3.496" /><testcase classname="backend.tests.test_iter74_refund_flow.TestPanelVisibility" name="test_finance_sees_pending" time="5.326" /><testcase classname="backend.tests.test_iter74_refund_flow.TestPanelVisibility" name="test_ceo_sees_pending" time="3.260" /><testcase classname="backend.tests.test_iter74_refund_flow.TestPanelVisibility" name="test_support_care_view" time="3.215" /><testcase classname="backend.tests.test_iter74_refund_flow.TestPanelVisibility" name="test_admin_can_also_care_view" time="0.116" /><testcase classname="backend.tests.test_iter74_refund_flow.TestPanelVisibility" name="test_customer_denied_care_view" time="0.127" /><testcase classname="backend.tests.test_iter74_refund_flow.TestPanelVisibility" name="test_customer_denied_pending" time="0.116" /><testcase classname="backend.tests.test_iter74_refund_flow.TestDepartureReminderIdempotency" name="test_trigger_idempotent_for_flagged_booking" time="0.130" /></testsuite></testsuites>