<?xml version="1.0" encoding="utf-8"?><testsuites name="pytest tests"><testsuite name="pytest" errors="0" failures="1" skipped="0" tests="15" time="15.931" timestamp="2026-08-10T07:13:24.944367+00:00" hostname="agent-env-6c5d2a03-6ba3-4b5f-bc59-d40df60b3834"><testcase classname="backend.tests.test_iter52_review_verification.TestDatabaseCleanup" name="test_only_expected_databases" time="0.005" /><testcase classname="backend.tests.test_iter52_review_verification.TestDatabaseCleanup" name="test_users_data_intact" time="0.003" /><testcase classname="backend.tests.test_iter52_review_verification.TestNoStaleDBRecreation" name="test_restart_does_not_create_airyatra" time="15.124" /><testcase classname="backend.tests.test_iter52_review_verification.TestDeadFilesRemoved" name="test_dead_files_absent" time="0.000" /><testcase classname="backend.tests.test_iter52_review_verification.TestDeadFilesRemoved" name="test_no_imports_of_dead_files" time="0.014" /><testcase classname="backend.tests.test_iter52_review_verification.TestDeadFilesRemoved" name="test_backend_error_log_no_importerror" time="0.007" /><testcase classname="backend.tests.test_iter52_review_verification.TestPartialUniqueIndexes" name="test_partial_filter_expression_present[inquiries-inquiry_number_unique-inquiry_number]" time="0.004" /><testcase classname="backend.tests.test_iter52_review_verification.TestPartialUniqueIndexes" name="test_partial_filter_expression_present[bookings-booking_number_unique-booking_number]" time="0.001" /><testcase classname="backend.tests.test_iter52_review_verification.TestPartialUniqueIndexes" name="test_partial_filter_expression_present[call_logs-call_sid_unique-call_sid]" time="0.001" /><testcase classname="backend.tests.test_iter52_review_verification.TestPartialUniqueIndexes" name="test_partial_filter_expression_present[support_tickets-ticket_number_unique-ticket_number]" time="0.001" /><testcase classname="backend.tests.test_iter52_review_verification.TestPartialUniqueIndexes" name="test_insert_two_nulls_no_e11000" time="0.001" /><testcase classname="backend.tests.test_iter52_review_verification.TestPartialUniqueIndexes" name="test_duplicate_string_still_rejected" time="0.001" /><testcase classname="backend.tests.test_iter52_review_verification.TestAPIRegression" name="test_login_and_iso_timestamps" time="0.357" /><testcase classname="backend.tests.test_iter52_review_verification.TestAPIRegression" name="test_admin_bookings_list" time="0.142" /><testcase classname="backend.tests.test_iter52_review_verification.TestAPIRegression" name="test_health_ok" time="0.110"><failure message="AssertionError: health 404&#10;assert 404 == 200&#10; +  where 404 = &lt;Response [404]&gt;.status_code">backend/tests/test_iter52_review_verification.py:198: in test_health_ok
    assert r.status_code == 200, f"health {r.status_code}"
E   AssertionError: health 404
E   assert 404 == 200
E    +  where 404 = &lt;Response [404]&gt;.status_code</failure></testcase></testsuite></testsuites>