<?xml version="1.0" encoding="utf-8"?><testsuites name="pytest tests"><testsuite name="pytest" errors="0" failures="0" skipped="0" tests="8" time="2.024" timestamp="2026-08-08T19:44:45.756963+00:00" hostname="agent-env-6c5d2a03-6ba3-4b5f-bc59-d40df60b3834"><testcase classname="tests.test_payment_gateways.TestGatewaysList" name="test_gateways_requires_auth" time="0.289" /><testcase classname="tests.test_payment_gateways.TestGatewaysList" name="test_gateways_customer" time="0.441" /><testcase classname="tests.test_payment_gateways.TestWalletApply" name="test_wallet_apply_404_invalid_booking" time="0.141" /><testcase classname="tests.test_payment_gateways.TestWalletApply" name="test_wallet_apply_403_other_user" time="0.555" /><testcase classname="tests.test_payment_gateways.TestWalletApply" name="test_wallet_apply_400_no_balance" time="0.121" /><testcase classname="tests.test_payment_gateways.TestWalletApply" name="test_wallet_apply_success" time="0.124" /><testcase classname="tests.test_payment_gateways.TestRazorpayGuard" name="test_razorpay_create_order" time="0.106" /><testcase classname="tests.test_payment_gateways.TestRazorpayGuard" name="test_razorpay_create_order_requires_auth" time="0.105" /></testsuite></testsuites>