<?xml version="1.0" encoding="utf-8"?><testsuites name="pytest tests"><testsuite name="pytest" errors="0" failures="0" skipped="0" tests="15" time="21.714" timestamp="2026-08-17T04:27:34.431888+00:00" hostname="agent-env-6c5d2a03-6ba3-4b5f-bc59-d40df60b3834"><testcase classname="tests.test_cashfree_upi_collect.TestUpiCollect" name="test_upi_collect_success_yacht" time="7.284" /><testcase classname="tests.test_cashfree_upi_collect.TestUpiCollect" name="test_upi_collect_invalid_upi" time="0.124" /><testcase classname="tests.test_cashfree_upi_collect.TestUpiCollect" name="test_upi_collect_nonexistent_booking" time="0.131" /><testcase classname="tests.test_cashfree_upi_collect.TestUpiCollect" name="test_upi_collect_owner_forbidden" time="0.117" /><testcase classname="tests.test_cashfree_upi_collect.TestCollectStatus" name="test_status_owner_pending" time="0.716" /><testcase classname="tests.test_cashfree_upi_collect.TestCollectStatus" name="test_status_fake_order_404" time="0.109" /><testcase classname="tests.test_cashfree_upi_collect.TestCollectStatus" name="test_status_other_user_403" time="0.124" /><testcase classname="tests.test_cashfree_upi_collect.TestWebhook" name="test_webhook_invalid_signature_401" time="0.163" /><testcase classname="tests.test_cashfree_upi_collect.TestWebhook" name="test_webhook_valid_signature_finalizes" time="9.855" /><testcase classname="tests.test_cashfree_upi_collect.TestWebhook" name="test_webhook_duplicate_protection" time="0.151" /><testcase classname="tests.test_cashfree_upi_collect.TestPricing" name="test_apply_already_active" time="2.365" /><testcase classname="tests.test_cashfree_upi_collect.TestPricing" name="test_prices_reflect_in_db" time="0.005" /><testcase classname="tests.test_cashfree_upi_collect.TestPricing" name="test_customer_forbidden_apply" time="0.123" /><testcase classname="tests.test_cashfree_upi_collect.TestPricing" name="test_customer_forbidden_restore" time="0.101" /><testcase classname="tests.test_cashfree_upi_collect.TestPricing" name="test_restore_and_reapply_cycle" time="0.266" /></testsuite></testsuites>