<?xml version="1.0" encoding="utf-8"?><testsuites name="pytest tests"><testsuite name="pytest" errors="0" failures="0" skipped="0" tests="10" time="5.318" timestamp="2026-08-08T19:43:29.366977+00:00" hostname="agent-env-6c5d2a03-6ba3-4b5f-bc59-d40df60b3834"><testcase classname="tests.test_iter51_fixes.TestPreflightOwnerFallback" name="test_get_checklist_401_without_token" time="2.183" /><testcase classname="tests.test_iter51_fixes.TestPreflightOwnerFallback" name="test_get_checklist_owner_ok" time="1.579" /><testcase classname="tests.test_iter51_fixes.TestPreflightOwnerFallback" name="test_get_checklist_403_other_customer" time="0.145" /><testcase classname="tests.test_iter51_fixes.TestPreflightOwnerFallback" name="test_update_aircraft_forbidden_for_customer" time="0.105" /><testcase classname="tests.test_iter51_fixes.TestPreflightOwnerFallback" name="test_update_aircraft_ok_for_operator" time="0.163" /><testcase classname="tests.test_iter51_fixes.TestPreflightOwnerFallback" name="test_update_passenger_ok_for_owner" time="0.150" /><testcase classname="tests.test_iter51_fixes.TestWalletAtomicDebit" name="test_apply_wallet_success_and_persistence" time="0.284" /><testcase classname="tests.test_iter51_fixes.TestWalletAtomicDebit" name="test_second_apply_zero_balance_returns_400" time="0.120" /><testcase classname="tests.test_iter51_fixes.TestWalletAtomicDebit" name="test_apply_wallet_forbidden_for_other_customer" time="0.111" /><testcase classname="tests.test_iter51_fixes.TestBoardingReminderChecklistCount" name="test_scheduler_counts_checked_items" time="0.402" /></testsuite></testsuites>