<?xml version="1.0" encoding="utf-8"?><testsuites name="pytest tests"><testsuite name="pytest" errors="0" failures="0" skipped="0" tests="5" time="4.078" timestamp="2026-08-14T05:20:55.341911+00:00" hostname="agent-env-6c5d2a03-6ba3-4b5f-bc59-d40df60b3834"><testcase classname="tests.test_iter63_dead_tabs.TestFinanceTransactions" name="test_transactions_finance" time="2.537" /><testcase classname="tests.test_iter63_dead_tabs.TestFinanceTransactions" name="test_transactions_customer_forbidden" time="0.484" /><testcase classname="tests.test_iter63_dead_tabs.TestHRLeaves" name="test_leave_all_hr" time="0.471" /><testcase classname="tests.test_iter63_dead_tabs.TestHRLeaves" name="test_leave_pending_hr" time="0.139" /><testcase classname="tests.test_iter63_dead_tabs.TestHRLeaves" name="test_leave_approve_one" time="0.390" /></testsuite></testsuites>