<?xml version="1.0" encoding="utf-8"?><testsuites name="pytest tests"><testsuite name="pytest" errors="0" failures="0" skipped="0" tests="12" time="13.530" timestamp="2026-08-18T12:50:21.691433+00:00" hostname="agent-env-6c5d2a03-6ba3-4b5f-bc59-d40df60b3834"><testcase classname="tests.test_iter77_customer_portal_final.TestServiceCategories" name="test_customer_get_defaults_all_true" time="4.067" /><testcase classname="tests.test_iter77_customer_portal_final.TestServiceCategories" name="test_customer_cannot_update" time="0.254" /><testcase classname="tests.test_iter77_customer_portal_final.TestServiceCategories" name="test_admin_update_persists_and_customer_sees" time="4.776" /><testcase classname="tests.test_iter77_customer_portal_final.TestAssetAvailabilityShape" name="test_availability_returns_all_fields" time="0.522" /><testcase classname="tests.test_iter77_customer_portal_final.TestOwnerBookingSetupPersist" name="test_owner_update_setup_fields_persists" time="0.973" /><testcase classname="tests.test_iter77_customer_portal_final.TestQuoteMath" name="test_quote_breakup_math" time="0.428" /><testcase classname="tests.test_iter77_customer_portal_final.TestAvailabilityAndDoubleBookingLock" name="test_free_future_date_available" time="0.409" /><testcase classname="tests.test_iter77_customer_portal_final.TestAvailabilityAndDoubleBookingLock" name="test_blocked_date_returns_unavailable" time="0.714" /><testcase classname="tests.test_iter77_customer_portal_final.TestAvailabilityAndDoubleBookingLock" name="test_min_duration_enforcement_on_booking" time="0.415" /><testcase classname="tests.test_iter77_customer_portal_final.TestAvailabilityAndDoubleBookingLock" name="test_booking_persists_all_fields_and_double_booking_lock" time="0.526" /><testcase classname="tests.test_iter77_customer_portal_final.TestRefundMyDetails" name="test_refund_my_has_details_object" time="0.176" /><testcase classname="tests.test_iter77_customer_portal_final.TestRefundMyDetails" name="test_completed_refund_yb2026080009_status" time="0.191" /></testsuite></testsuites>