<?xml version="1.0" encoding="utf-8"?><testsuites name="pytest tests"><testsuite name="pytest" errors="0" failures="1" skipped="0" tests="11" time="16.391" timestamp="2026-08-10T15:47:52.323415+00:00" hostname="agent-env-6c5d2a03-6ba3-4b5f-bc59-d40df60b3834"><testcase classname="backend.tests.test_iter53_profile_auth.TestEmergentGoogleAuth" name="test_settings_endpoint" time="0.456" /><testcase classname="backend.tests.test_iter53_profile_auth.TestEmergentGoogleAuth" name="test_fake_session_token_returns_401_not_500" time="0.273" /><testcase classname="backend.tests.test_iter53_profile_auth.TestEmergentGoogleAuth" name="test_request_without_emergent_user_field_accepted" time="0.278" /><testcase classname="backend.tests.test_iter53_profile_auth.TestEmergentGoogleAuth" name="test_missing_session_token_is_422" time="0.151" /><testcase classname="backend.tests.test_iter53_profile_auth.TestRegressionLogin" name="test_login_seed_accounts[customer@airyatra.co.in-Customer@123]" time="1.378" /><testcase classname="backend.tests.test_iter53_profile_auth.TestRegressionLogin" name="test_login_seed_accounts[admin@airyatra.co.in-Admin123!]" time="1.341" /><testcase classname="backend.tests.test_iter53_profile_auth.TestRegressionLogin" name="test_login_seed_accounts[operator@airyatra.co.in-Operator@123456]" time="1.450" /><testcase classname="backend.tests.test_iter53_profile_auth.TestProfileUpdate" name="test_get_me_and_update_profile" time="0.909" /><testcase classname="backend.tests.test_iter53_profile_auth.TestChangePassword" name="test_change_password_and_restore" time="6.619" /><testcase classname="backend.tests.test_iter53_profile_auth.TestDeleteAccount" name="test_delete_account_unauth_401" time="0.213" /><testcase classname="backend.tests.test_iter53_profile_auth.TestDeleteAccount" name="test_delete_flow" time="3.235"><failure message="AssertionError: Old token should be revoked: 403&#10;assert 403 == 401&#10; +  where 403 = &lt;Response [403]&gt;.status_code">backend/tests/test_iter53_profile_auth.py:228: in test_delete_flow
    assert me.status_code == 401, f"Old token should be revoked: {me.status_code}"
E   AssertionError: Old token should be revoked: 403
E   assert 403 == 401
E    +  where 403 = &lt;Response [403]&gt;.status_code</failure></testcase></testsuite></testsuites>