<?xml version="1.0" encoding="utf-8"?><testsuites name="pytest tests"><testsuite name="pytest" errors="0" failures="0" skipped="10" tests="18" time="4.250" timestamp="2026-08-08T18:21:10.853307+00:00" hostname="agent-env-6c5d2a03-6ba3-4b5f-bc59-d40df60b3834"><testcase classname="backend.tests.test_iter50_payment_rules_preflight.TestPaymentRules" name="test_get_requires_admin_403_for_customer" time="1.554" /><testcase classname="backend.tests.test_iter50_payment_rules_preflight.TestPaymentRules" name="test_get_admin_ok" time="0.476" /><testcase classname="backend.tests.test_iter50_payment_rules_preflight.TestPaymentRules" name="test_put_invalid_default_advance_400" time="0.105" /><testcase classname="backend.tests.test_iter50_payment_rules_preflight.TestPaymentRules" name="test_put_invalid_rule_advance_400" time="0.140" /><testcase classname="backend.tests.test_iter50_payment_rules_preflight.TestPaymentRules" name="test_put_min_greater_than_max_400" time="0.113" /><testcase classname="backend.tests.test_iter50_payment_rules_preflight.TestPaymentRules" name="test_put_and_preview_resolution" time="0.563" /><testcase classname="backend.tests.test_iter50_payment_rules_preflight.TestPaymentRules" name="test_reset_rules_cleanup" time="0.222" /><testcase classname="backend.tests.test_iter50_payment_rules_preflight.TestPaymentRules" name="test_fallback_default_when_no_rules" time="0.109" /><testcase classname="backend.tests.test_iter50_payment_rules_preflight.TestPreflight" name="test_get_checklist_no_auth_401" time="0.215"><skipped type="pytest.skip" message="No booking available for customer; cannot test preflight">/app/backend/tests/test_iter50_payment_rules_preflight.py:198: No booking available for customer; cannot test preflight</skipped></testcase><testcase classname="backend.tests.test_iter50_payment_rules_preflight.TestPreflight" name="test_get_checklist_owner_ok" time="0.000"><skipped type="pytest.skip" message="No booking available for customer; cannot test preflight">/app/backend/tests/test_iter50_payment_rules_preflight.py:205: No booking available for customer; cannot test preflight</skipped></testcase><testcase classname="backend.tests.test_iter50_payment_rules_preflight.TestPreflight" name="test_get_checklist_other_customer_403" time="0.328"><skipped type="pytest.skip" message="No booking available for customer; cannot test preflight">/app/backend/tests/test_iter50_payment_rules_preflight.py:217: No booking available for customer; cannot test preflight</skipped></testcase><testcase classname="backend.tests.test_iter50_payment_rules_preflight.TestPreflight" name="test_update_passenger_item_owner_ok" time="0.000"><skipped type="pytest.skip" message="No booking available for customer; cannot test preflight">/app/backend/tests/test_iter50_payment_rules_preflight.py:224: No booking available for customer; cannot test preflight</skipped></testcase><testcase classname="backend.tests.test_iter50_payment_rules_preflight.TestPreflight" name="test_update_aircraft_type_customer_forbidden" time="0.000"><skipped type="pytest.skip" message="No booking available for customer; cannot test preflight">/app/backend/tests/test_iter50_payment_rules_preflight.py:240: No booking available for customer; cannot test preflight</skipped></testcase><testcase classname="backend.tests.test_iter50_payment_rules_preflight.TestPreflight" name="test_update_aircraft_operator_ok" time="0.337"><skipped type="pytest.skip" message="No booking available for customer; cannot test preflight">/app/backend/tests/test_iter50_payment_rules_preflight.py:248: No booking available for customer; cannot test preflight</skipped></testcase><testcase classname="backend.tests.test_iter50_payment_rules_preflight.TestPreflight" name="test_update_other_customer_passenger_forbidden" time="0.000"><skipped type="pytest.skip" message="No booking available for customer; cannot test preflight">/app/backend/tests/test_iter50_payment_rules_preflight.py:256: No booking available for customer; cannot test preflight</skipped></testcase><testcase classname="backend.tests.test_iter50_payment_rules_preflight.TestPreflight" name="test_status_owner_ok" time="0.000"><skipped type="pytest.skip" message="No booking available for customer; cannot test preflight">/app/backend/tests/test_iter50_payment_rules_preflight.py:264: No booking available for customer; cannot test preflight</skipped></testcase><testcase classname="backend.tests.test_iter50_payment_rules_preflight.TestPreflight" name="test_status_other_customer_403" time="0.000"><skipped type="pytest.skip" message="No booking available for customer; cannot test preflight">/app/backend/tests/test_iter50_payment_rules_preflight.py:273: No booking available for customer; cannot test preflight</skipped></testcase><testcase classname="backend.tests.test_iter50_payment_rules_preflight.TestPreflight" name="test_status_no_auth_401" time="0.000"><skipped type="pytest.skip" message="No booking available for customer; cannot test preflight">/app/backend/tests/test_iter50_payment_rules_preflight.py:279: No booking available for customer; cannot test preflight</skipped></testcase></testsuite></testsuites>