<?xml version="1.0" encoding="utf-8"?><testsuites name="pytest tests"><testsuite name="pytest" errors="0" failures="0" skipped="0" tests="11" time="3.334" timestamp="2026-08-10T16:27:42.438696+00:00" hostname="agent-env-6c5d2a03-6ba3-4b5f-bc59-d40df60b3834"><testcase classname="backend.tests.test_iter54_customer_booking_workflow.TestAuthAndSession" name="test_login_returns_token_no_otp" time="0.638" /><testcase classname="backend.tests.test_iter54_customer_booking_workflow.TestAuthAndSession" name="test_auth_me" time="0.149" /><testcase classname="backend.tests.test_iter54_customer_booking_workflow.TestMarketplaceSearch" name="test_search_returns_options_or_auction" time="0.126" /><testcase classname="backend.tests.test_iter54_customer_booking_workflow.TestCompareAndBookFlow" name="test_inquiry_status_visible" time="0.262" /><testcase classname="backend.tests.test_iter54_customer_booking_workflow.TestCompareAndBookFlow" name="test_payment_info" time="0.072" /><testcase classname="backend.tests.test_iter54_customer_booking_workflow.TestCompareAndBookFlow" name="test_payment_gateways_lists_all_three" time="0.068" /><testcase classname="backend.tests.test_iter54_customer_booking_workflow.TestCompareAndBookFlow" name="test_wallet_apply" time="0.066" /><testcase classname="backend.tests.test_iter54_customer_booking_workflow.TestCompareAndBookFlow" name="test_razorpay_create_order" time="1.075" /><testcase classname="backend.tests.test_iter54_customer_booking_workflow.TestCompareAndBookFlow" name="test_stripe_checkout" time="0.647" /><testcase classname="backend.tests.test_iter54_customer_booking_workflow.TestCompareAndBookFlow" name="test_my_bookings_lists_created" time="0.082" /><testcase classname="backend.tests.test_iter54_customer_booking_workflow.TestAuctionFlow" name="test_auction_start" time="0.080" /></testsuite></testsuites>