<?xml version="1.0" encoding="utf-8"?><testsuites name="pytest tests"><testsuite name="pytest" errors="0" failures="0" skipped="0" tests="13" time="10.209" timestamp="2026-08-17T05:15:33.893960+00:00" hostname="agent-env-6c5d2a03-6ba3-4b5f-bc59-d40df60b3834"><testcase classname="tests.test_iter72_cashfree_gateway_test.TestOneRupeeCreate" name="test_customer_forbidden" time="2.658" /><testcase classname="tests.test_iter72_cashfree_gateway_test.TestOneRupeeCreate" name="test_admin_creates_order" time="5.167" /><testcase classname="tests.test_iter72_cashfree_gateway_test.TestOneRupeeCreate" name="test_db_record_persisted" time="0.004" /><testcase classname="tests.test_iter72_cashfree_gateway_test.TestCollectStatusGatewayTest" name="test_collect_status_pending_no_crash" time="0.711" /><testcase classname="tests.test_iter72_cashfree_gateway_test.TestWebhookGatewayTest" name="test_webhook_success_finalizes" time="0.127" /><testcase classname="tests.test_iter72_cashfree_gateway_test.TestWebhookGatewayTest" name="test_db_marked_paid_no_booking_writes" time="0.007" /><testcase classname="tests.test_iter72_cashfree_gateway_test.TestWebhookGatewayTest" name="test_duplicate_webhook_skipped" time="0.132" /><testcase classname="tests.test_iter72_cashfree_gateway_test.TestTestPricingStatus" name="test_customer_forbidden" time="0.108" /><testcase classname="tests.test_iter72_cashfree_gateway_test.TestTestPricingStatus" name="test_admin_status_active" time="0.107" /><testcase classname="tests.test_iter72_cashfree_gateway_test.TestTestPricingStatus" name="test_restore_then_apply_cycle_ends_active" time="0.768" /><testcase classname="tests.test_iter72_cashfree_gateway_test.TestVerticalSeed" name="test_customer_forbidden" time="0.116" /><testcase classname="tests.test_iter72_cashfree_gateway_test.TestVerticalSeed" name="test_admin_seed_idempotent" time="0.117" /><testcase classname="tests.test_iter72_cashfree_gateway_test.TestGatewayTestReport" name="test_report_contains_gateway_test_row" time="0.106" /></testsuite></testsuites>