<?xml version="1.0" encoding="utf-8"?><testsuites name="pytest tests"><testsuite name="pytest" errors="0" failures="0" skipped="0" tests="18" time="7.998" timestamp="2026-08-14T18:55:57.041968+00:00" hostname="agent-env-6c5d2a03-6ba3-4b5f-bc59-d40df60b3834"><testcase classname="tests.test_vertical_razorpay.TestVerticalRazorpayFlow" name="test_create_yacht_booking" time="0.651" /><testcase classname="tests.test_vertical_razorpay.TestVerticalRazorpayFlow" name="test_pay_pending_booking_returns_400" time="0.132" /><testcase classname="tests.test_vertical_razorpay.TestVerticalRazorpayFlow" name="test_owner_confirms_booking" time="1.903" /><testcase classname="tests.test_vertical_razorpay.TestVerticalRazorpayFlow" name="test_pay_creates_real_razorpay_order" time="0.987" /><testcase classname="tests.test_vertical_razorpay.TestVerticalRazorpayFlow" name="test_booking_remains_unpaid_after_order_creation" time="0.131" /><testcase classname="tests.test_vertical_razorpay.TestVerticalRazorpayFlow" name="test_verify_payment_fake_signature_400" time="0.133" /><testcase classname="tests.test_vertical_razorpay.TestVerticalRazorpayFlow" name="test_booking_still_unpaid_after_bad_signature" time="0.169" /><testcase classname="tests.test_vertical_razorpay.TestVerticalRazorpayFlow" name="test_verify_payment_from_other_user_404" time="0.156" /><testcase classname="tests.test_vertical_razorpay.TestAlreadyPaidBooking" name="test_pay_already_paid_booking_400" time="0.254" /><testcase classname="tests.test_vertical_razorpay.TestRefundRegression" name="test_refund_reasons_endpoint" time="0.114" /><testcase classname="tests.test_vertical_razorpay.TestRefundRegression" name="test_my_refunds_endpoint" time="0.126" /><testcase classname="tests.test_iter68_one_rupee.TestOneRupeeCreate" name="test_unauth_create_forbidden" time="0.132" /><testcase classname="tests.test_iter68_one_rupee.TestOneRupeeCreate" name="test_customer_create_forbidden" time="0.504" /><testcase classname="tests.test_iter68_one_rupee.TestOneRupeeCreate" name="test_admin_create_order" time="2.092" /><testcase classname="tests.test_iter68_one_rupee.TestOneRupeeVerify" name="test_unauth_verify_forbidden" time="0.159" /><testcase classname="tests.test_iter68_one_rupee.TestOneRupeeVerify" name="test_customer_verify_forbidden" time="0.135" /><testcase classname="tests.test_iter68_one_rupee.TestOneRupeeVerify" name="test_admin_fake_signature_400" time="0.153" /><testcase classname="tests.test_iter68_one_rupee.TestOneRupeeVerify" name="test_gateway_tests_record_not_marked_paid" time="0.004" /></testsuite></testsuites>