<?xml version="1.0" encoding="utf-8"?><testsuites name="pytest tests"><testsuite name="pytest" errors="0" failures="1" skipped="0" tests="18" time="42.146" timestamp="2026-08-14T03:35:43.504637+00:00" hostname="agent-env-6c5d2a03-6ba3-4b5f-bc59-d40df60b3834"><testcase classname="backend.tests.test_iter60_refund_approval.TestReasonsCRUD" name="test_list_reasons_seeds_defaults" time="8.256" /><testcase classname="backend.tests.test_iter60_refund_approval.TestReasonsCRUD" name="test_admin_add_and_delete_reason" time="0.496" /><testcase classname="backend.tests.test_iter60_refund_approval.TestReasonsCRUD" name="test_customer_forbidden_to_add_reason" time="0.189" /><testcase classname="backend.tests.test_iter60_refund_approval.TestCustomerCancel" name="test_customer_cancel_applies_10pct_deduction" time="3.046" /><testcase classname="backend.tests.test_iter60_refund_approval.TestCustomerCancel" name="test_duplicate_customer_cancel_fails" time="0.118" /><testcase classname="backend.tests.test_iter60_refund_approval.TestCustomerCancel" name="test_other_customer_forbidden" time="2.767" /><testcase classname="backend.tests.test_iter60_refund_approval.TestOperatorCancel" name="test_operator_cancel_without_reason_400" time="2.716" /><testcase classname="backend.tests.test_iter60_refund_approval.TestOperatorCancel" name="test_operator_cancel_with_valid_reason_full_refund" time="2.971"><failure message="AssertionError: {&quot;detail&quot;:&quot;Not your booking&quot;}&#10;assert 403 == 200&#10; +  where 403 = &lt;Response [403]&gt;.status_code">backend/tests/test_iter60_refund_approval.py:220: in test_operator_cancel_with_valid_reason_full_refund
    assert r.status_code == 200, r.text[:300]
E   AssertionError: {"detail":"Not your booking"}
E   assert 403 == 200
E    +  where 403 = &lt;Response [403]&gt;.status_code</failure></testcase><testcase classname="backend.tests.test_iter60_refund_approval.TestApprovalFlow" name="test_sales_request_otp" time="5.744" /><testcase classname="backend.tests.test_iter60_refund_approval.TestApprovalFlow" name="test_wrong_otp_401" time="0.135" /><testcase classname="backend.tests.test_iter60_refund_approval.TestApprovalFlow" name="test_sales_first_approval" time="0.148" /><testcase classname="backend.tests.test_iter60_refund_approval.TestApprovalFlow" name="test_sales_double_approve_blocked" time="1.030" /><testcase classname="backend.tests.test_iter60_refund_approval.TestApprovalFlow" name="test_admin_second_approval_finalizes" time="2.045" /><testcase classname="backend.tests.test_iter60_refund_approval.TestAdminOnlyGate" name="test_invoice_sent_blocks_sales" time="5.803" /><testcase classname="backend.tests.test_iter60_refund_approval.TestManualRefund" name="test_manual_partial" time="3.363" /><testcase classname="backend.tests.test_iter60_refund_approval.TestManualRefund" name="test_manual_over_paid_400" time="2.703" /><testcase classname="backend.tests.test_iter60_refund_approval.TestPendingList" name="test_staff_can_list" time="0.130" /><testcase classname="backend.tests.test_iter60_refund_approval.TestPendingList" name="test_customer_forbidden" time="0.152" /></testsuite></testsuites>