<?xml version="1.0" encoding="utf-8"?><testsuites name="pytest tests"><testsuite name="pytest" errors="1" failures="0" skipped="0" tests="17" time="11.309" timestamp="2026-08-17T18:21:13.728282+00:00" hostname="agent-env-6c5d2a03-6ba3-4b5f-bc59-d40df60b3834"><testcase classname="tests.test_iter73_sec001_cashfree.TestCreateOrderSecurity" name="test_amount_tampering_ignored" time="4.521" /><testcase classname="tests.test_iter73_sec001_cashfree.TestCreateOrderSecurity" name="test_idor_other_customer_booking" time="0.698" /><testcase classname="tests.test_iter73_sec001_cashfree.TestCreateOrderSecurity" name="test_unconfirmed_booking_rejected" time="0.795" /><testcase classname="tests.test_iter73_sec001_cashfree.TestCreateOrderSecurity" name="test_paid_booking_rejected" time="0.339" /><testcase classname="tests.test_iter73_sec001_cashfree.TestCreateOrderSecurity" name="test_unknown_booking_404" time="0.162" /><testcase classname="tests.test_iter73_sec001_cashfree.TestCreateOrderSecurity" name="test_unauth_401" time="0.181" /><testcase classname="tests.test_iter73_sec001_cashfree.TestVerifyPaymentSecurity" name="test_verify_ownership_denied" time="0.177" /><testcase classname="tests.test_iter73_sec001_cashfree.TestVerifyPaymentSecurity" name="test_verify_unknown_order_404" time="0.159" /><testcase classname="tests.test_iter73_sec001_cashfree.TestVerifyPaymentSecurity" name="test_verify_owner_ok" time="0.783" /><testcase classname="tests.test_iter73_sec001_cashfree.TestVerifyPaymentSecurity" name="test_deprecated_route_removed" time="0.164" /><testcase classname="tests.test_iter73_sec001_cashfree.TestVerifyPaymentSecurity" name="test_verify_underpayment_rejected" time="0.460" /><testcase classname="tests.test_iter73_sec001_cashfree.TestUpiCollectRegression" name="test_upi_collect_still_works" time="0.879" /><testcase classname="tests.test_iter73_sec001_cashfree.TestUpiCollectRegression" name="test_collect_status_pending" time="0.733" /><testcase classname="tests.test_iter73_sec001_cashfree.TestWebhookRegression" name="test_invalid_signature_401" time="0.141" /><testcase classname="tests.test_iter73_sec001_cashfree.TestWebhookRegression" name="test_duplicate_returns_duplicate_true" time="0.362" /><testcase classname="tests.test_iter73_sec001_cashfree.TestOneRupeeRBAC" name="test_staff_allowed" time="0.378"><error message="failed on setup with &quot;AssertionError: {&quot;detail&quot;:&quot;Incorrect email or password. 4 attempts remaining.&quot;}&#10;assert 401 == 200&#10; +  where 401 = &lt;Response [401]&gt;.status_code&quot;">tests/test_iter73_sec001_cashfree.py:96: in admin_token
    return _run(_mint_otp_and_verify(ADMIN["email"], ADMIN["password"]))
           ^^^^^^^^^^^^^^^^^^^^^^^^^^^^^^^^^^^^^^^^^^^^^^^^^^^^^^^^^^^^^
tests/test_iter73_sec001_cashfree.py:77: in _run
    return loop.run_until_complete(coro)
           ^^^^^^^^^^^^^^^^^^^^^^^^^^^^^
/usr/local/lib/python3.11/asyncio/base_events.py:654: in run_until_complete
    return future.result()
           ^^^^^^^^^^^^^^^
tests/test_iter73_sec001_cashfree.py:50: in _mint_otp_and_verify
    assert r.status_code == 200, r.text
E   AssertionError: {"detail":"Incorrect email or password. 4 attempts remaining."}
E   assert 401 == 200
E    +  where 401 = &lt;Response [401]&gt;.status_code</error></testcase><testcase classname="tests.test_iter73_sec001_cashfree.TestOneRupeeRBAC" name="test_customer_forbidden" time="0.241" /></testsuite></testsuites>