<?xml version="1.0" encoding="utf-8"?><testsuites name="pytest tests"><testsuite name="pytest" errors="0" failures="0" skipped="0" tests="11" time="13.365" timestamp="2026-08-18T11:10:10.597645+00:00" hostname="agent-env-6c5d2a03-6ba3-4b5f-bc59-d40df60b3834"><testcase classname="tests.test_iter76_refund_webhook_sync" name="test_a_success_and_idempotency" time="1.832" /><testcase classname="tests.test_iter76_refund_webhook_sync" name="test_b_partial_multi_order" time="1.457" /><testcase classname="tests.test_iter76_refund_webhook_sync" name="test_c_cancelled_and_failed_gateway_listing" time="2.463" /><testcase classname="tests.test_iter76_refund_webhook_sync" name="test_d_poller_syncs_and_skips_already_final" time="2.120" /><testcase classname="tests.test_iter76_refund_webhook_sync" name="test_e_scheduler_trigger_admin_ok" time="2.184" /><testcase classname="tests.test_iter76_refund_webhook_sync" name="test_e_scheduler_trigger_customer_forbidden" time="0.551" /><testcase classname="tests.test_iter76_refund_webhook_sync" name="test_f_webhook_rejects_unsigned" time="0.181" /><testcase classname="tests.test_iter76_refund_webhook_sync" name="test_f_webhook_valid_signature_end_to_end" time="2.003" /><testcase classname="tests.test_iter76_refund_webhook_sync" name="test_g_customer_my_credited_logic" time="0.170" /><testcase classname="tests.test_iter76_refund_webhook_sync" name="test_g_care_view_stats_credited_logic" time="0.183" /><testcase classname="tests.test_iter76_refund_webhook_sync" name="test_g_older_manual_processed_regression" time="0.164" /></testsuite></testsuites>