<?xml version="1.0" encoding="utf-8"?><testsuites name="pytest tests"><testsuite name="pytest" errors="0" failures="0" skipped="0" tests="11" time="7.607" timestamp="2026-08-14T18:03:12.517378+00:00" hostname="agent-env-6c5d2a03-6ba3-4b5f-bc59-d40df60b3834"><testcase classname="tests.test_vertical_razorpay.TestVerticalRazorpayFlow" name="test_create_yacht_booking" time="3.326" /><testcase classname="tests.test_vertical_razorpay.TestVerticalRazorpayFlow" name="test_pay_pending_booking_returns_400" time="0.156" /><testcase classname="tests.test_vertical_razorpay.TestVerticalRazorpayFlow" name="test_owner_confirms_booking" time="1.923" /><testcase classname="tests.test_vertical_razorpay.TestVerticalRazorpayFlow" name="test_pay_creates_real_razorpay_order" time="0.922" /><testcase classname="tests.test_vertical_razorpay.TestVerticalRazorpayFlow" name="test_booking_remains_unpaid_after_order_creation" time="0.149" /><testcase classname="tests.test_vertical_razorpay.TestVerticalRazorpayFlow" name="test_verify_payment_fake_signature_400" time="0.125" /><testcase classname="tests.test_vertical_razorpay.TestVerticalRazorpayFlow" name="test_booking_still_unpaid_after_bad_signature" time="0.130" /><testcase classname="tests.test_vertical_razorpay.TestVerticalRazorpayFlow" name="test_verify_payment_from_other_user_404" time="0.214" /><testcase classname="tests.test_vertical_razorpay.TestAlreadyPaidBooking" name="test_pay_already_paid_booking_400" time="0.324" /><testcase classname="tests.test_vertical_razorpay.TestRefundRegression" name="test_refund_reasons_endpoint" time="0.121" /><testcase classname="tests.test_vertical_razorpay.TestRefundRegression" name="test_my_refunds_endpoint" time="0.151" /></testsuite></testsuites>