<?xml version="1.0" encoding="utf-8"?><testsuites name="pytest tests"><testsuite name="pytest" errors="0" failures="0" skipped="0" tests="7" time="7.619" timestamp="2026-08-14T18:17:47.156606+00:00" hostname="agent-env-6c5d2a03-6ba3-4b5f-bc59-d40df60b3834"><testcase classname="tests.test_iter68_one_rupee.TestOneRupeeCreate" name="test_unauth_create_forbidden" time="3.076" /><testcase classname="tests.test_iter68_one_rupee.TestOneRupeeCreate" name="test_customer_create_forbidden" time="0.515" /><testcase classname="tests.test_iter68_one_rupee.TestOneRupeeCreate" name="test_admin_create_order" time="3.560" /><testcase classname="tests.test_iter68_one_rupee.TestOneRupeeVerify" name="test_unauth_verify_forbidden" time="0.136" /><testcase classname="tests.test_iter68_one_rupee.TestOneRupeeVerify" name="test_customer_verify_forbidden" time="0.145" /><testcase classname="tests.test_iter68_one_rupee.TestOneRupeeVerify" name="test_admin_fake_signature_400" time="0.124" /><testcase classname="tests.test_iter68_one_rupee.TestOneRupeeVerify" name="test_gateway_tests_record_not_marked_paid" time="0.004" /></testsuite></testsuites>