<?xml version="1.0" encoding="utf-8"?><testsuites name="pytest tests"><testsuite name="pytest" errors="0" failures="0" skipped="0" tests="23" time="11.982" timestamp="2026-08-13T18:30:17.052921+00:00" hostname="agent-env-6c5d2a03-6ba3-4b5f-bc59-d40df60b3834"><testcase classname="backend.tests.test_iter58_enterprise_audit.TestAudit1_CustomerJourney" name="test_custom_quote_full_flow" time="4.839" /><testcase classname="backend.tests.test_iter58_enterprise_audit.TestAudit1_CustomerJourney" name="test_marketplace_search_and_book" time="0.299" /><testcase classname="backend.tests.test_iter58_enterprise_audit.TestAudit2_CrossLink" name="test_cross_link" time="0.900" /><testcase classname="backend.tests.test_iter58_enterprise_audit.TestAudit3_Config" name="test_urgency_tier_change" time="0.542" /><testcase classname="backend.tests.test_iter58_enterprise_audit.TestAudit3_Config" name="test_payment_rules_endpoint" time="0.158" /><testcase classname="backend.tests.test_iter58_enterprise_audit.TestAudit4_Payments" name="test_razorpay_create_order" time="0.937" /><testcase classname="backend.tests.test_iter58_enterprise_audit.TestAudit4_Payments" name="test_invoice_pdf" time="0.126" /><testcase classname="backend.tests.test_iter58_enterprise_audit.TestAudit4_Payments" name="test_corporate_gst_invoice" time="0.123" /><testcase classname="backend.tests.test_iter58_enterprise_audit.TestAudit4_Payments" name="test_invoice_email_log" time="0.130" /><testcase classname="backend.tests.test_iter58_enterprise_audit.TestAudit4_Payments" name="test_refund_endpoints" time="0.128" /><testcase classname="backend.tests.test_iter58_enterprise_audit.TestAudit5_Reports" name="test_export_excel" time="0.155" /><testcase classname="backend.tests.test_iter58_enterprise_audit.TestAudit5_Reports" name="test_export_pdf" time="0.144" /><testcase classname="backend.tests.test_iter58_enterprise_audit.TestAudit5_Reports" name="test_date_filter" time="0.124" /><testcase classname="backend.tests.test_iter58_enterprise_audit.TestAudit5_Reports" name="test_scorecards" time="0.137" /><testcase classname="backend.tests.test_iter58_enterprise_audit.TestAudit5_Reports" name="test_own_fleet_bookings" time="0.125" /><testcase classname="backend.tests.test_iter58_enterprise_audit.TestAudit6_RBAC" name="test_customer_on_admin_403" time="0.427" /><testcase classname="backend.tests.test_iter58_enterprise_audit.TestAudit6_RBAC" name="test_no_token_401" time="0.138" /><testcase classname="backend.tests.test_iter58_enterprise_audit.TestAudit6_RBAC" name="test_operator_on_admin_403" time="0.143" /><testcase classname="backend.tests.test_iter58_enterprise_audit.TestAudit6_RBAC" name="test_pilot_dashboard" time="0.178" /><testcase classname="backend.tests.test_iter58_enterprise_audit.TestAudit6_RBAC" name="test_pilot_on_operator_403" time="0.112" /><testcase classname="backend.tests.test_iter58_enterprise_audit.TestAudit6_RBAC" name="test_login_rate_limit" time="1.640" /><testcase classname="backend.tests.test_iter58_enterprise_audit.TestAudit7_Pilot" name="test_pilot_dashboard_has_flights" time="0.144" /><testcase classname="backend.tests.test_iter58_enterprise_audit.TestAudit7_Pilot" name="test_own_fleet_in_marketplace" time="0.262" /></testsuite></testsuites>