<?xml version="1.0" encoding="utf-8"?><testsuites name="pytest tests"><testsuite name="pytest" errors="0" failures="0" skipped="0" tests="18" time="4.108" timestamp="2026-08-10T07:15:08.942635+00:00" hostname="agent-env-6c5d2a03-6ba3-4b5f-bc59-d40df60b3834"><testcase classname="backend.tests.test_iter50_payment_rules_preflight.TestPaymentRules" name="test_get_requires_admin_403_for_customer" time="0.571" /><testcase classname="backend.tests.test_iter50_payment_rules_preflight.TestPaymentRules" name="test_get_admin_ok" time="0.431" /><testcase classname="backend.tests.test_iter50_payment_rules_preflight.TestPaymentRules" name="test_put_invalid_default_advance_400" time="0.103" /><testcase classname="backend.tests.test_iter50_payment_rules_preflight.TestPaymentRules" name="test_put_invalid_rule_advance_400" time="0.098" /><testcase classname="backend.tests.test_iter50_payment_rules_preflight.TestPaymentRules" name="test_put_min_greater_than_max_400" time="0.101" /><testcase classname="backend.tests.test_iter50_payment_rules_preflight.TestPaymentRules" name="test_put_and_preview_resolution" time="0.510" /><testcase classname="backend.tests.test_iter50_payment_rules_preflight.TestPaymentRules" name="test_reset_rules_cleanup" time="0.203" /><testcase classname="backend.tests.test_iter50_payment_rules_preflight.TestPaymentRules" name="test_fallback_default_when_no_rules" time="0.104" /><testcase classname="backend.tests.test_iter50_payment_rules_preflight.TestPreflight" name="test_get_checklist_no_auth_401" time="0.212" /><testcase classname="backend.tests.test_iter50_payment_rules_preflight.TestPreflight" name="test_get_checklist_owner_ok" time="0.107" /><testcase classname="backend.tests.test_iter50_payment_rules_preflight.TestPreflight" name="test_get_checklist_other_customer_403" time="0.434" /><testcase classname="backend.tests.test_iter50_payment_rules_preflight.TestPreflight" name="test_update_passenger_item_owner_ok" time="0.203" /><testcase classname="backend.tests.test_iter50_payment_rules_preflight.TestPreflight" name="test_update_aircraft_type_customer_forbidden" time="0.104" /><testcase classname="backend.tests.test_iter50_payment_rules_preflight.TestPreflight" name="test_update_aircraft_operator_ok" time="0.440" /><testcase classname="backend.tests.test_iter50_payment_rules_preflight.TestPreflight" name="test_update_other_customer_passenger_forbidden" time="0.109" /><testcase classname="backend.tests.test_iter50_payment_rules_preflight.TestPreflight" name="test_status_owner_ok" time="0.099" /><testcase classname="backend.tests.test_iter50_payment_rules_preflight.TestPreflight" name="test_status_other_customer_403" time="0.117" /><testcase classname="backend.tests.test_iter50_payment_rules_preflight.TestPreflight" name="test_status_no_auth_401" time="0.100" /></testsuite></testsuites>