<?xml version="1.0" encoding="utf-8"?><testsuites name="pytest tests"><testsuite name="pytest" errors="2" failures="0" skipped="0" tests="32" time="16.948" timestamp="2026-08-17T18:21:48.490881+00:00" hostname="agent-env-6c5d2a03-6ba3-4b5f-bc59-d40df60b3834"><testcase classname="tests.test_iter73_sec001_cashfree.TestCreateOrderSecurity" name="test_amount_tampering_ignored" time="1.900" /><testcase classname="tests.test_iter73_sec001_cashfree.TestCreateOrderSecurity" name="test_idor_other_customer_booking" time="0.549" /><testcase classname="tests.test_iter73_sec001_cashfree.TestCreateOrderSecurity" name="test_unconfirmed_booking_rejected" time="0.485" /><testcase classname="tests.test_iter73_sec001_cashfree.TestCreateOrderSecurity" name="test_paid_booking_rejected" time="0.328" /><testcase classname="tests.test_iter73_sec001_cashfree.TestCreateOrderSecurity" name="test_unknown_booking_404" time="0.149" /><testcase classname="tests.test_iter73_sec001_cashfree.TestCreateOrderSecurity" name="test_unauth_401" time="0.153" /><testcase classname="tests.test_iter73_sec001_cashfree.TestVerifyPaymentSecurity" name="test_verify_ownership_denied" time="0.153" /><testcase classname="tests.test_iter73_sec001_cashfree.TestVerifyPaymentSecurity" name="test_verify_unknown_order_404" time="0.175" /><testcase classname="tests.test_iter73_sec001_cashfree.TestVerifyPaymentSecurity" name="test_verify_owner_ok" time="0.729" /><testcase classname="tests.test_iter73_sec001_cashfree.TestVerifyPaymentSecurity" name="test_deprecated_route_removed" time="0.197" /><testcase classname="tests.test_iter73_sec001_cashfree.TestVerifyPaymentSecurity" name="test_verify_underpayment_rejected" time="0.468" /><testcase classname="tests.test_iter73_sec001_cashfree.TestUpiCollectRegression" name="test_upi_collect_still_works" time="0.981" /><testcase classname="tests.test_iter73_sec001_cashfree.TestUpiCollectRegression" name="test_collect_status_pending" time="0.756" /><testcase classname="tests.test_iter73_sec001_cashfree.TestWebhookRegression" name="test_invalid_signature_401" time="0.133" /><testcase classname="tests.test_iter73_sec001_cashfree.TestWebhookRegression" name="test_duplicate_returns_duplicate_true" time="0.453" /><testcase classname="tests.test_iter73_sec001_cashfree.TestOneRupeeRBAC" name="test_staff_allowed" time="2.884" /><testcase classname="tests.test_iter73_sec001_cashfree.TestOneRupeeRBAC" name="test_customer_forbidden" time="0.235" /><testcase classname="tests.test_cashfree_upi_collect.TestUpiCollect" name="test_upi_collect_success_yacht" time="1.868" /><testcase classname="tests.test_cashfree_upi_collect.TestUpiCollect" name="test_upi_collect_invalid_upi" time="0.224" /><testcase classname="tests.test_cashfree_upi_collect.TestUpiCollect" name="test_upi_collect_nonexistent_booking" time="0.136" /><testcase classname="tests.test_cashfree_upi_collect.TestUpiCollect" name="test_upi_collect_owner_forbidden" time="0.165" /><testcase classname="tests.test_cashfree_upi_collect.TestCollectStatus" name="test_status_owner_pending" time="0.699" /><testcase classname="tests.test_cashfree_upi_collect.TestCollectStatus" name="test_status_fake_order_404" time="0.214" /><testcase classname="tests.test_cashfree_upi_collect.TestCollectStatus" name="test_status_other_user_403" time="0.142" /><testcase classname="tests.test_cashfree_upi_collect.TestWebhook" name="test_webhook_invalid_signature_401" time="0.135" /><testcase classname="tests.test_cashfree_upi_collect.TestWebhook" name="test_webhook_valid_signature_finalizes" time="1.670" /><testcase classname="tests.test_cashfree_upi_collect.TestWebhook" name="test_webhook_duplicate_protection" time="0.195" /><testcase classname="tests.test_cashfree_upi_collect.TestPricing" name="test_apply_already_active" time="0.365"><error message="failed on setup with &quot;AssertionError: {&quot;detail&quot;:&quot;Incorrect email or password. 3 attempts remaining.&quot;}&#10;assert 401 == 200&#10; +  where 401 = &lt;Response [401]&gt;.status_code&quot;">E   AssertionError: {"detail":"Incorrect email or password. 3 attempts remaining."}
    assert 401 == 200
     +  where 401 = &lt;Response [401]&gt;.status_code</error></testcase><testcase classname="tests.test_cashfree_upi_collect.TestPricing" name="test_prices_reflect_in_db" time="0.007" /><testcase classname="tests.test_cashfree_upi_collect.TestPricing" name="test_customer_forbidden_apply" time="0.162" /><testcase classname="tests.test_cashfree_upi_collect.TestPricing" name="test_customer_forbidden_restore" time="0.127" /><testcase classname="tests.test_cashfree_upi_collect.TestPricing" name="test_restore_and_reapply_cycle" time="0.000"><error message="failed on setup with &quot;AssertionError: {&quot;detail&quot;:&quot;Incorrect email or password. 3 attempts remaining.&quot;}&#10;assert 401 == 200&#10; +  where 401 = &lt;Response [401]&gt;.status_code&quot;">E   AssertionError: {"detail":"Incorrect email or password. 3 attempts remaining."}
    assert 401 == 200
     +  where 401 = &lt;Response [401]&gt;.status_code</error></testcase></testsuite></testsuites>