<?xml version="1.0" encoding="utf-8"?><testsuites name="pytest tests"><testsuite name="pytest" errors="0" failures="0" skipped="0" tests="21" time="16.337" timestamp="2026-08-17T05:15:48.690713+00:00" hostname="agent-env-6c5d2a03-6ba3-4b5f-bc59-d40df60b3834"><testcase classname="tests.test_iter71_gateway_report_and_payment_link.TestGatewayReport" name="test_admin_gets_report" time="3.217" /><testcase classname="tests.test_iter71_gateway_report_and_payment_link.TestGatewayReport" name="test_customer_forbidden" time="0.457" /><testcase classname="tests.test_iter71_gateway_report_and_payment_link.TestGatewayReport" name="test_unauthenticated_401" time="0.119" /><testcase classname="tests.test_iter71_gateway_report_and_payment_link.TestPaymentLink" name="test_payment_link_returns_400_feature_not_enabled" time="0.539" /><testcase classname="tests.test_iter71_gateway_report_and_payment_link.TestPaymentLink" name="test_payment_link_missing_booking_404" time="0.109" /><testcase classname="tests.test_iter71_gateway_report_and_payment_link.TestPaymentLink" name="test_payment_link_unauthenticated" time="0.100" /><testcase classname="tests.test_cashfree_upi_collect.TestUpiCollect" name="test_upi_collect_success_yacht" time="6.204" /><testcase classname="tests.test_cashfree_upi_collect.TestUpiCollect" name="test_upi_collect_invalid_upi" time="0.109" /><testcase classname="tests.test_cashfree_upi_collect.TestUpiCollect" name="test_upi_collect_nonexistent_booking" time="0.115" /><testcase classname="tests.test_cashfree_upi_collect.TestUpiCollect" name="test_upi_collect_owner_forbidden" time="0.133" /><testcase classname="tests.test_cashfree_upi_collect.TestCollectStatus" name="test_status_owner_pending" time="0.711" /><testcase classname="tests.test_cashfree_upi_collect.TestCollectStatus" name="test_status_fake_order_404" time="0.125" /><testcase classname="tests.test_cashfree_upi_collect.TestCollectStatus" name="test_status_other_user_403" time="0.099" /><testcase classname="tests.test_cashfree_upi_collect.TestWebhook" name="test_webhook_invalid_signature_401" time="0.113" /><testcase classname="tests.test_cashfree_upi_collect.TestWebhook" name="test_webhook_valid_signature_finalizes" time="1.968" /><testcase classname="tests.test_cashfree_upi_collect.TestWebhook" name="test_webhook_duplicate_protection" time="0.116" /><testcase classname="tests.test_cashfree_upi_collect.TestPricing" name="test_apply_already_active" time="1.536" /><testcase classname="tests.test_cashfree_upi_collect.TestPricing" name="test_prices_reflect_in_db" time="0.004" /><testcase classname="tests.test_cashfree_upi_collect.TestPricing" name="test_customer_forbidden_apply" time="0.103" /><testcase classname="tests.test_cashfree_upi_collect.TestPricing" name="test_customer_forbidden_restore" time="0.116" /><testcase classname="tests.test_cashfree_upi_collect.TestPricing" name="test_restore_and_reapply_cycle" time="0.272" /></testsuite></testsuites>