<?xml version="1.0" encoding="utf-8"?><testsuites name="pytest tests"><testsuite name="pytest" errors="0" failures="1" skipped="0" tests="11" time="3.436" timestamp="2026-08-08T16:52:42.250782+00:00" hostname="agent-env-6c5d2a03-6ba3-4b5f-bc59-d40df60b3834"><testcase classname="backend.tests.test_marketplace.TestMarketplaceSearch" name="test_helicopter_marketplace_search" time="0.626" /><testcase classname="backend.tests.test_marketplace.TestMarketplaceSearch" name="test_repositioning_ferry_charges" time="0.118" /><testcase classname="backend.tests.test_marketplace.TestMarketplaceSearch" name="test_invalid_aircraft_type_400" time="0.118" /><testcase classname="backend.tests.test_marketplace.TestMarketplaceSearch" name="test_cargo_forces_auction_mode" time="0.130" /><testcase classname="backend.tests.test_marketplace.TestInstantBooking" name="test_instant_book_creates_MKT_booking_and_stripe_checkout" time="0.795" /><testcase classname="backend.tests.test_marketplace.TestAuctionE2E" name="test_1_start_auction" time="0.152" /><testcase classname="backend.tests.test_marketplace.TestAuctionE2E" name="test_2_operator_submits_quote" time="0.456" /><testcase classname="backend.tests.test_marketplace.TestAuctionE2E" name="test_3_live_state_has_quote_with_operator_name" time="0.157" /><testcase classname="backend.tests.test_marketplace.TestAuctionE2E" name="test_4_second_customer_forbidden" time="0.566" /><testcase classname="backend.tests.test_marketplace.TestAuctionE2E" name="test_5_accept_quote_creates_payable_booking" time="0.114"><failure message="assert 236000.0 == 200000">backend/tests/test_marketplace.py:255: in test_5_accept_quote_creates_payable_booking
    assert d["total_amount"] == 200000
E   assert 236000.0 == 200000</failure></testcase><testcase classname="backend.tests.test_marketplace.TestAuctionE2E" name="test_6_live_after_accept_shows_quote_selected" time="0.114" /></testsuite></testsuites>