<?xml version="1.0" encoding="utf-8"?><testsuites name="pytest tests"><testsuite name="pytest" errors="0" failures="1" skipped="0" tests="17" time="1.509" timestamp="2026-08-02T19:49:27.381137+00:00" hostname="agent-env-e7a241a3-25d8-4dc1-b925-cc153d592c9d"><testcase classname="backend.tests.test_legal_and_routes.TestLegalContent" name="test_terms_and_conditions" time="0.269" /><testcase classname="backend.tests.test_legal_and_routes.TestLegalContent" name="test_cancellation_policy" time="0.046" /><testcase classname="backend.tests.test_legal_and_routes.TestLegalContent" name="test_privacy_policy" time="0.048" /><testcase classname="backend.tests.test_legal_and_routes.TestConsents" name="test_get_consents_default" time="0.048" /><testcase classname="backend.tests.test_legal_and_routes.TestConsents" name="test_get_consents_village_landing" time="0.045" /><testcase classname="backend.tests.test_legal_and_routes.TestConsents" name="test_record_consent_requires_auth" time="0.049" /><testcase classname="backend.tests.test_legal_and_routes.TestConsents" name="test_record_consent_missing_mandatory" time="0.051" /><testcase classname="backend.tests.test_legal_and_routes.TestConsents" name="test_record_consent_success" time="0.044"><failure message="AssertionError: {&quot;detail&quot;:&quot;Missing mandatory consents: village_landing&quot;}&#10;assert 400 == 200&#10; +  where 400 = &lt;Response [400]&gt;.status_code">backend/tests/test_legal_and_routes.py:134: in test_record_consent_success
    assert r.status_code == 200, r.text
E   AssertionError: {"detail":"Missing mandatory consents: village_landing"}
E   assert 400 == 200
E    +  where 400 = &lt;Response [400]&gt;.status_code</failure></testcase><testcase classname="backend.tests.test_legal_and_routes.TestFixedRoutes" name="test_search_no_routes_suggests_auction" time="0.061" /><testcase classname="backend.tests.test_legal_and_routes.TestFixedRoutes" name="test_search_invalid_date_format" time="0.044" /><testcase classname="backend.tests.test_legal_and_routes.TestFixedRoutes" name="test_search_past_date_rejected" time="0.044" /><testcase classname="backend.tests.test_legal_and_routes.TestFixedRoutes" name="test_create_fixed_route_requires_auth" time="0.043" /><testcase classname="backend.tests.test_legal_and_routes.TestFixedRoutes" name="test_create_fixed_route_customer_forbidden" time="0.044" /><testcase classname="backend.tests.test_legal_and_routes.TestFixedRoutes" name="test_create_fixed_route_operator_success" time="0.165" /><testcase classname="backend.tests.test_legal_and_routes.TestFixedRoutes" name="test_search_finds_created_route" time="0.186" /><testcase classname="backend.tests.test_legal_and_routes.TestFixedRoutes" name="test_create_duplicate_route_rejected" time="0.145" /><testcase classname="backend.tests.test_legal_and_routes.TestFixedRoutes" name="test_cleanup_delete_created_route" time="0.051" /></testsuite></testsuites>