<?xml version="1.0" encoding="utf-8"?><testsuites name="pytest tests"><testsuite name="pytest" errors="0" failures="0" skipped="0" tests="7" time="4.125" timestamp="2026-08-01T10:34:16.846284+00:00" hostname="agent-env-da31a13b-e9f2-4184-aab6-09de9ba68229"><testcase classname="backend.tests.test_hrms_phase5.TestTeamAttendanceToday" name="test_today_endpoint_shape_and_counts" time="0.447" /><testcase classname="backend.tests.test_hrms_phase5.TestHolidays" name="test_list_seeded" time="0.113" /><testcase classname="backend.tests.test_hrms_phase5.TestHolidays" name="test_duplicate_rejected" time="0.098" /><testcase classname="backend.tests.test_hrms_phase5.TestHolidays" name="test_create_and_delete" time="0.387" /><testcase classname="backend.tests.test_hrms_phase5.TestHolidays" name="test_employee_can_read_cannot_write" time="0.520" /><testcase classname="backend.tests.test_hrms_phase5.TestPayrollHolidayCredit" name="test_generate_includes_holiday_days" time="0.105" /><testcase classname="backend.tests.test_hrms_phase5.TestExpenseRejectEmail" name="test_reject_triggers_email" time="2.406" /></testsuite></testsuites>