<?xml version="1.0" encoding="utf-8"?><testsuites name="pytest tests"><testsuite name="pytest" errors="0" failures="0" skipped="0" tests="25" time="4.213" timestamp="2026-08-02T20:29:04.849241+00:00" hostname="agent-env-e7a241a3-25d8-4dc1-b925-cc153d592c9d"><testcase classname="tests.test_aircraft_and_pricing.TestAircraftCatalog" name="test_create_aircraft" time="0.843" /><testcase classname="tests.test_aircraft_and_pricing.TestAircraftCatalog" name="test_create_duplicate_reg_fails" time="0.103" /><testcase classname="tests.test_aircraft_and_pricing.TestAircraftCatalog" name="test_get_my_fleet" time="0.103" /><testcase classname="tests.test_aircraft_and_pricing.TestAircraftCatalog" name="test_get_aircraft_details" time="0.147" /><testcase classname="tests.test_aircraft_and_pricing.TestAircraftCatalog" name="test_update_documents" time="0.237" /><testcase classname="tests.test_aircraft_and_pricing.TestAircraftCatalog" name="test_update_availability" time="0.267" /><testcase classname="tests.test_aircraft_and_pricing.TestAircraftCatalog" name="test_update_availability_invalid" time="0.304" /><testcase classname="tests.test_aircraft_and_pricing.TestAircraftCatalog" name="test_admin_verify_aircraft" time="0.220" /><testcase classname="tests.test_aircraft_and_pricing.TestAircraftCatalog" name="test_admin_verify_invalid_status" time="0.142" /><testcase classname="tests.test_aircraft_and_pricing.TestAircraftCatalog" name="test_admin_stats" time="0.101" /><testcase classname="tests.test_aircraft_and_pricing.TestAircraftCatalog" name="test_admin_expiring_documents" time="0.105" /><testcase classname="tests.test_aircraft_and_pricing.TestAircraftCatalog" name="test_operator_cannot_verify" time="0.103" /><testcase classname="tests.test_aircraft_and_pricing.TestAircraftCatalog" name="test_cleanup" time="0.064" /><testcase classname="tests.test_aircraft_and_pricing.TestPriceBreakup" name="test_customer_breakup" time="0.113" /><testcase classname="tests.test_aircraft_and_pricing.TestPriceBreakup" name="test_operator_settlement" time="0.112" /><testcase classname="tests.test_aircraft_and_pricing.TestPriceBreakup" name="test_customer_cannot_get_operator_settlement" time="0.109" /><testcase classname="tests.test_aircraft_and_pricing.TestPriceLock" name="test_create_lock" time="0.105" /><testcase classname="tests.test_aircraft_and_pricing.TestPriceLock" name="test_get_lock" time="0.101" /><testcase classname="tests.test_aircraft_and_pricing.TestPriceLock" name="test_validate_lock" time="0.113" /><testcase classname="tests.test_aircraft_and_pricing.TestPriceLock" name="test_other_user_cannot_access" time="0.125" /><testcase classname="tests.test_aircraft_and_pricing.TestPriceLock" name="test_use_lock" time="0.120" /><testcase classname="tests.test_aircraft_and_pricing.TestPriceLock" name="test_reuse_used_lock_fails" time="0.103" /><testcase classname="tests.test_aircraft_and_pricing.TestPriceLock" name="test_get_nonexistent_lock" time="0.132" /><testcase classname="tests.test_aircraft_and_pricing.TestPriceLock" name="test_invalid_duration_rejected" time="0.119" /><testcase classname="tests.test_aircraft_and_pricing.TestPriceLock" name="test_cleanup" time="0.004" /></testsuite></testsuites>