<?xml version="1.0" encoding="utf-8"?><testsuites name="pytest tests"><testsuite name="pytest" errors="0" failures="1" skipped="0" tests="7" time="10.291" timestamp="2026-08-01T10:01:03.373777+00:00" hostname="agent-env-da31a13b-e9f2-4184-aab6-09de9ba68229"><testcase classname="backend.tests.test_hrms_phase4.TestLeaveEmails" name="test_apply_leave_triggers_hr_email" time="2.588" /><testcase classname="backend.tests.test_hrms_phase4.TestLeaveEmails" name="test_approve_leave_emails_employee" time="2.441" /><testcase classname="backend.tests.test_hrms_phase4.TestLeaveEmails" name="test_reject_leave_emails_employee" time="4.278" /><testcase classname="backend.tests.test_hrms_phase4.TestAttendanceSelfie" name="test_upload_selfie_and_serve" time="0.104"><failure message="assert None">backend/tests/test_hrms_phase4.py:154: in test_upload_selfie_and_serve
    assert att_id
E   assert None</failure></testcase><testcase classname="backend.tests.test_hrms_phase4.TestAttendanceSelfie" name="test_upload_selfie_other_user_att_returns_404" time="0.113" /><testcase classname="backend.tests.test_hrms_phase4.TestPayrollAutoRun" name="test_get_and_toggle" time="0.569" /><testcase classname="backend.tests.test_hrms_phase4.TestManualPayrollGenerate" name="test_generate_month" time="0.119" /></testsuite></testsuites>