<?xml version="1.0" encoding="utf-8"?><testsuites name="pytest tests"><testsuite name="pytest" errors="0" failures="0" skipped="0" tests="10" time="3.629" timestamp="2026-08-01T11:51:21.992350+00:00" hostname="agent-env-da31a13b-e9f2-4184-aab6-09de9ba68229"><testcase classname="backend.tests.test_hrms_phase6.TestOperatorERP" name="test_overview_operator" time="1.635" /><testcase classname="backend.tests.test_hrms_phase6.TestOperatorERP" name="test_overview_customer_forbidden" time="0.098" /><testcase classname="backend.tests.test_hrms_phase6.TestOperatorERP" name="test_logbook_all_and_filter" time="0.212" /><testcase classname="backend.tests.test_hrms_phase6.TestCompleteMaintenance" name="test_complete_overdue_and_reset" time="0.319" /><testcase classname="backend.tests.test_hrms_phase6.TestFlightAndMaintenance" name="test_add_flight_log_and_schedule_maintenance" time="0.702" /><testcase classname="backend.tests.test_hrms_phase6.TestAttendanceExport" name="test_admin_csv_export" time="0.100" /><testcase classname="backend.tests.test_hrms_phase6.TestAttendanceExport" name="test_export_employee_forbidden" time="0.101" /><testcase classname="backend.tests.test_hrms_phase6.TestDirectory" name="test_directory_employee_access" time="0.102" /><testcase classname="backend.tests.test_hrms_phase6.TestDirectory" name="test_directory_customer_forbidden" time="0.097" /><testcase classname="backend.tests.test_hrms_phase6.TestDirectory" name="test_photo_upload_and_serve" time="0.196" /></testsuite></testsuites>