<?xml version="1.0" encoding="utf-8"?><testsuites name="pytest tests"><testsuite name="pytest" errors="0" failures="1" skipped="0" tests="17" time="1.373" timestamp="2026-08-02T17:45:24.103606+00:00" hostname="agent-env-e7a241a3-25d8-4dc1-b925-cc153d592c9d"><testcase classname="backend.tests.test_finance_phase5.TestAudit" name="test_create_audit_log" time="0.320" /><testcase classname="backend.tests.test_finance_phase5.TestAudit" name="test_get_audit_logs" time="0.047" /><testcase classname="backend.tests.test_finance_phase5.TestAudit" name="test_get_audit_logs_with_filter" time="0.055" /><testcase classname="backend.tests.test_finance_phase5.TestAudit" name="test_get_audit_stats" time="0.054"><failure message="AssertionError: Internal Server Error&#10;assert 500 == 200&#10; +  where 500 = &lt;Response [500]&gt;.status_code">backend/tests/test_finance_phase5.py:59: in test_get_audit_stats
    assert r.status_code == 200, r.text
E   AssertionError: Internal Server Error
E   assert 500 == 200
E    +  where 500 = &lt;Response [500]&gt;.status_code</failure></testcase><testcase classname="backend.tests.test_finance_phase5.TestInvoice" name="test_generate_pdf_invoice" time="0.054" /><testcase classname="backend.tests.test_finance_phase5.TestInvoice" name="test_invoice_missing_required_field" time="0.054" /><testcase classname="backend.tests.test_finance_phase5.TestAnalytics" name="test_expense_analytics_periods[day]" time="0.049" /><testcase classname="backend.tests.test_finance_phase5.TestAnalytics" name="test_expense_analytics_periods[week]" time="0.044" /><testcase classname="backend.tests.test_finance_phase5.TestAnalytics" name="test_expense_analytics_periods[month]" time="0.043" /><testcase classname="backend.tests.test_finance_phase5.TestAnalytics" name="test_expense_analytics_periods[quarter]" time="0.043" /><testcase classname="backend.tests.test_finance_phase5.TestAnalytics" name="test_expense_analytics_periods[year]" time="0.043" /><testcase classname="backend.tests.test_finance_phase5.TestCurrency" name="test_get_rates" time="0.236" /><testcase classname="backend.tests.test_finance_phase5.TestCurrency" name="test_convert_usd_to_inr" time="0.042" /><testcase classname="backend.tests.test_finance_phase5.TestCurrency" name="test_convert_inr_to_usd" time="0.045" /><testcase classname="backend.tests.test_finance_phase5.TestCurrency" name="test_convert_cross_currency" time="0.043" /><testcase classname="backend.tests.test_finance_phase5.TestCurrency" name="test_forex_vendor_payment" time="0.062" /><testcase classname="backend.tests.test_finance_phase5.TestCurrency" name="test_forex_payments_list" time="0.043" /></testsuite></testsuites>