<?xml version="1.0" encoding="utf-8"?><testsuites name="pytest tests"><testsuite name="pytest" errors="0" failures="0" skipped="0" tests="14" time="1.231" timestamp="2026-07-31T19:22:29.676475+00:00" hostname="agent-env-da31a13b-e9f2-4184-aab6-09de9ba68229"><testcase classname="tests.backend_test.TestMembership" name="test_get_tiers" time="0.287" /><testcase classname="tests.backend_test.TestMembership" name="test_get_tier_details" time="0.049" /><testcase classname="tests.backend_test.TestMembership" name="test_get_tier_invalid" time="0.046" /><testcase classname="tests.backend_test.TestMembership" name="test_subscribe_invalid_user_id" time="0.051" /><testcase classname="tests.backend_test.TestMembership" name="test_calculate_discount_no_membership" time="0.164" /><testcase classname="tests.backend_test.TestMembership" name="test_calculate_discount_with_membership" time="0.146" /><testcase classname="tests.backend_test.TestCorporate" name="test_register_corporate" time="0.052" /><testcase classname="tests.backend_test.TestCorporate" name="test_list_corporates" time="0.049" /><testcase classname="tests.backend_test.TestCorporate" name="test_add_employee" time="0.062" /><testcase classname="tests.backend_test.TestCorporate" name="test_get_account" time="0.054" /><testcase classname="tests.backend_test.TestCorporate" name="test_request_booking_approval" time="0.058" /><testcase classname="tests.backend_test.TestVault" name="test_upload_document" time="0.062" /><testcase classname="tests.backend_test.TestVault" name="test_get_documents" time="0.049" /><testcase classname="tests.backend_test.TestVault" name="test_statistics" time="0.050" /></testsuite></testsuites>