<?xml version="1.0" encoding="utf-8"?><testsuites name="pytest tests"><testsuite name="pytest" errors="0" failures="0" skipped="0" tests="8" time="4.574" timestamp="2026-08-08T09:35:33.028466+00:00" hostname="agent-env-e7a241a3-25d8-4dc1-b925-cc153d592c9d"><testcase classname="tests.test_security_fixes_sec001_004.TestGoogleOAuthSessionToken" name="test_empty_body_rejected" time="2.915" /><testcase classname="tests.test_security_fixes_sec001_004.TestGoogleOAuthSessionToken" name="test_empty_session_token_returns_400" time="0.162" /><testcase classname="tests.test_security_fixes_sec001_004.TestGoogleOAuthSessionToken" name="test_invalid_session_token_rejected" time="0.213" /><testcase classname="tests.test_security_fixes_sec001_004.TestPhoneOTPNoLeak" name="test_send_otp_no_mock_otp_field" time="0.476" /><testcase classname="tests.test_security_fixes_sec001_004.TestStripeAuth" name="test_create_payment_intent_without_auth_401" time="0.121" /><testcase classname="tests.test_security_fixes_sec001_004.TestStripeAuth" name="test_create_payment_intent_auth_nonexistent_booking_404" time="0.484" /><testcase classname="tests.test_security_fixes_sec001_004.TestRazorpayAuth" name="test_create_order_without_auth_401" time="0.144" /><testcase classname="tests.test_security_fixes_sec001_004.TestNormalLogin" name="test_customer_login_works" time="0.000" /></testsuite></testsuites>