<?xml version="1.0" encoding="utf-8"?><testsuites name="pytest tests"><testsuite name="pytest" errors="0" failures="0" skipped="0" tests="13" time="3.862" timestamp="2026-08-08T09:02:07.579470+00:00" hostname="agent-env-e7a241a3-25d8-4dc1-b925-cc153d592c9d"><testcase classname="tests.test_security_audit.TestGoogleOAuthVerification" name="test_missing_session_token_rejected" time="2.222" /><testcase classname="tests.test_security_audit.TestGoogleOAuthVerification" name="test_invalid_session_token_rejected" time="0.131" /><testcase classname="tests.test_security_audit.TestGoogleOAuthVerification" name="test_empty_session_token_rejected" time="0.046" /><testcase classname="tests.test_security_audit.TestSeedEndpointDisabled" name="test_seed_endpoint_disabled_no_secret" time="0.044" /><testcase classname="tests.test_security_audit.TestSeedEndpointDisabled" name="test_seed_endpoint_disabled_with_secret" time="0.044" /><testcase classname="tests.test_security_audit.TestRazorpayAuthRequired" name="test_orders_requires_auth" time="0.098" /><testcase classname="tests.test_security_audit.TestRazorpayAuthRequired" name="test_refund_requires_auth" time="0.101" /><testcase classname="tests.test_security_audit.TestRazorpayAuthRequired" name="test_stats_requires_auth" time="0.101" /><testcase classname="tests.test_security_audit.TestRazorpayAuthRequired" name="test_order_status_requires_auth" time="0.100" /><testcase classname="tests.test_security_audit.TestRazorpayAuthRequired" name="test_payment_status_requires_auth" time="0.136" /><testcase classname="tests.test_security_audit.TestRazorpayAuthRequired" name="test_invalid_token_rejected" time="0.104" /><testcase classname="tests.test_security_audit.TestExistingLoginWorks" name="test_customer_login" time="0.297" /><testcase classname="tests.test_security_audit.TestExistingLoginWorks" name="test_customer_can_access_razorpay_orders_with_valid_token" time="0.375" /></testsuite></testsuites>