<?xml version="1.0" encoding="utf-8"?><testsuites name="pytest tests"><testsuite name="pytest" errors="0" failures="0" skipped="0" tests="8" time="2.732" timestamp="2026-08-01T12:25:02.341337+00:00" hostname="agent-env-da31a13b-e9f2-4184-aab6-09de9ba68229"><testcase classname="backend.tests.test_stripe_payments.TestStripeCheckout" name="test_create_checkout_customer" time="1.150" /><testcase classname="backend.tests.test_stripe_payments.TestStripeCheckout" name="test_create_checkout_no_auth" time="0.110" /><testcase classname="backend.tests.test_stripe_payments.TestStripeCheckout" name="test_create_checkout_forbidden_other_customer" time="0.465" /><testcase classname="backend.tests.test_stripe_payments.TestStripeCheckout" name="test_create_checkout_already_paid" time="0.133" /><testcase classname="backend.tests.test_stripe_payments.TestStripeCheckout" name="test_create_checkout_invalid_booking" time="0.105" /><testcase classname="backend.tests.test_stripe_payments.TestStripeStatus" name="test_status_pending_initial" time="0.335" /><testcase classname="backend.tests.test_stripe_payments.TestStripeStatus" name="test_status_invalid_session" time="0.097" /><testcase classname="backend.tests.test_stripe_payments.TestStripeStatus" name="test_status_no_auth_required" time="0.278" /></testsuite></testsuites>