<?xml version="1.0" encoding="utf-8"?><testsuites name="pytest tests"><testsuite name="pytest" errors="0" failures="2" skipped="0" tests="16" time="4.039" timestamp="2026-08-02T21:14:26.646953+00:00" hostname="agent-env-e7a241a3-25d8-4dc1-b925-cc153d592c9d"><testcase classname="tests.test_vault_object_storage.TestObjectStorageUpload" name="test_upload_image_to_object_storage" time="0.797"><failure message="AssertionError: BUG: thumbnail_url is None even though storage_type=object_storage. Root cause: /api/vault/upload does thumbnail_url = thumb_result.get('url') with no fallback; Emergent Object Storage put_object() response does not carry a 'url' key (same reason file_url falls back to /api/vault/file/{file_id}). full body={'success': True, 'message': 'Document uploaded successfully', 'document': {'id': '6a6fb33304781c770cf6cd85', 'document_id': 'DOC-3D7A8EE3', 'name': 'TEST_FleetPhoto', 'file_url': '/api/vault/file/doc_ef3a00541cf04c888a9c1c572576755c', 'thumbnail_url': None, 'storage_type': 'object_storage', 'status': 'active'}}&#10;assert None">tests/test_vault_object_storage.py:98: in test_upload_image_to_object_storage
    assert doc["thumbnail_url"], (
E   AssertionError: BUG: thumbnail_url is None even though storage_type=object_storage. Root cause: /api/vault/upload does thumbnail_url = thumb_result.get('url') with no fallback; Emergent Object Storage put_object() response does not carry a 'url' key (same reason file_url falls back to /api/vault/file/{file_id}). full body={'success': True, 'message': 'Document uploaded successfully', 'document': {'id': '6a6fb33304781c770cf6cd85', 'document_id': 'DOC-3D7A8EE3', 'name': 'TEST_FleetPhoto', 'file_url': '/api/vault/file/doc_ef3a00541cf04c888a9c1c572576755c', 'thumbnail_url': None, 'storage_type': 'object_storage', 'status': 'active'}}
E   assert None</failure></testcase><testcase classname="tests.test_vault_object_storage.TestObjectStorageUpload" name="test_upload_stored_document_has_object_storage_metadata" time="0.108"><failure message="AssertionError: BUG (persisted): document.thumbnail_url is None in stored record.&#10;assert None">tests/test_vault_object_storage.py:116: in test_upload_stored_document_has_object_storage_metadata
    assert d["thumbnail_url"], (
E   AssertionError: BUG (persisted): document.thumbnail_url is None in stored record.
E   assert None</failure></testcase><testcase classname="tests.test_vault_object_storage.TestFileDownload" name="test_download_requires_auth" time="0.101" /><testcase classname="tests.test_vault_object_storage.TestFileDownload" name="test_outsider_forbidden" time="0.136" /><testcase classname="tests.test_vault_object_storage.TestFileDownload" name="test_owner_download_returns_bytes" time="0.239" /><testcase classname="tests.test_vault_object_storage.TestFileDownload" name="test_admin_can_download" time="0.262" /><testcase classname="tests.test_vault_object_storage.TestFileDownload" name="test_download_missing_file_404" time="0.101" /><testcase classname="tests.test_vault_object_storage.TestImagePreview" name="test_image_preview_returns_inline" time="0.285" /><testcase classname="tests.test_vault_object_storage.TestImagePreview" name="test_image_preview_thumbnail_flag" time="0.298" /><testcase classname="tests.test_vault_object_storage.TestImagePreview" name="test_image_preview_forbidden_for_outsider" time="0.110" /><testcase classname="tests.test_vault_object_storage.TestImagePreview" name="test_image_preview_non_image_returns_400" time="0.759" /><testcase classname="tests.test_vault_object_storage.TestPhotoGallery" name="test_photos_requires_auth" time="0.106" /><testcase classname="tests.test_vault_object_storage.TestPhotoGallery" name="test_photos_forbidden_for_outsider" time="0.098" /><testcase classname="tests.test_vault_object_storage.TestPhotoGallery" name="test_owner_gets_photo_list" time="0.100" /><testcase classname="tests.test_vault_object_storage.TestPhotoGallery" name="test_admin_can_read_owner_photos" time="0.099" /><testcase classname="tests.test_vault_object_storage.TestPhotoGallery" name="test_photos_pagination_params" time="0.205" /></testsuite></testsuites>