<?xml version="1.0" encoding="utf-8"?><testsuites name="pytest tests"><testsuite name="pytest" errors="0" failures="0" skipped="0" tests="20" time="4.386" timestamp="2026-08-06T11:00:39.071972+00:00" hostname="agent-env-e7a241a3-25d8-4dc1-b925-cc153d592c9d"><testcase classname="tests.test_vre.TestVREInit" name="test_initialize" time="1.070" /><testcase classname="tests.test_vre.TestGlobalConfig" name="test_global_config" time="0.069" /><testcase classname="tests.test_vre.TestGlobalConfig" name="test_global_config_unauth" time="0.114" /><testcase classname="tests.test_vre.TestBookingRules" name="test_get_booking_rules" time="0.059" /><testcase classname="tests.test_vre.TestAutoRules" name="test_get_auto_rules" time="0.059" /><testcase classname="tests.test_vre.TestDashboard" name="test_dashboard" time="0.060" /><testcase classname="tests.test_vre.TestServicesConfig" name="test_customer_services" time="0.059" /><testcase classname="tests.test_vre.TestServicesConfig" name="test_operator_services" time="0.061" /><testcase classname="tests.test_vre.TestServicesConfig" name="test_all_services" time="0.060" /><testcase classname="tests.test_vre.TestRequiredVerifications" name="test_low_amount" time="0.114" /><testcase classname="tests.test_vre.TestRequiredVerifications" name="test_medium_amount" time="0.114" /><testcase classname="tests.test_vre.TestRequiredVerifications" name="test_high_amount" time="0.117" /><testcase classname="tests.test_vre.TestRequiredVerifications" name="test_corporate" time="0.118" /><testcase classname="tests.test_vre.TestPANVerification" name="test_invalid_pan_format" time="0.062" /><testcase classname="tests.test_vre.TestPANVerification" name="test_valid_pan_format" time="0.915" /><testcase classname="tests.test_vre.TestIFSC" name="test_ifsc_public" time="0.846" /><testcase classname="tests.test_vre.TestAuditLogs" name="test_audit_logs" time="0.060" /><testcase classname="tests.test_vre.TestRolePermissions" name="test_get_permissions" time="0.057" /><testcase classname="tests.test_vre.TestEmergencyOverride" name="test_get_emergency_status" time="0.058" /><testcase classname="tests.test_vre.TestUserVerificationStatus" name="test_status" time="0.064" /></testsuite></testsuites>